2019-10-19 03:16:33.2430 [DEBUG] Validating model...
2019-10-19 03:16:33.3325 [DEBUG] Model updated
2019-10-19 03:16:33.3330 [DEBUG] Authenticating with server...
2019-10-19 03:16:33.8625 [DEBUG] Connected to room. (106476:SceneFusion:SceneFusion)
2019-10-19 03:16:33.8648 [INFO] Connected to server.
2019-10-19 03:16:33.8652 [DEBUG] OS : Unix 18.7.0.0
2019-10-19 03:16:33.8653 [DEBUG] Unity Version : 2018.4.11f1
2019-10-19 03:16:33.8655 [DEBUG] Pro License : False
2019-10-19 03:16:33.8656 [DEBUG] Platform : OSXEditor
2019-10-19 03:16:33.8657 [DEBUG] Build Target : iOS
2019-10-19 03:16:33.8658 [DEBUG] Scene Fusion version : 1.8.5
2019-10-19 03:16:33.8659 [DEBUG] Scene Fusion client build : 0
2019-10-19 03:16:33.8660 [DEBUG] User : g9brar@edu.uwaterloo.ca
2019-10-19 03:16:33.8660 [DEBUG] Waiting for server response
2019-10-19 03:16:33.9188 [DEBUG] Tier: Free, Permissions: 00000200
2019-10-19 03:16:33.9189 [DEBUG] User Permissions: FFFFFFFF
2019-10-19 03:16:34.1036 [DEBUG] No stand-in for UnityEngine.LocalizationAsset
2019-10-19 03:16:34.1038 [DEBUG] No stand-in for UnityEngine.ProceduralMaterial
2019-10-19 03:16:34.1040 [DEBUG] No stand-in for UnityEngine.ProceduralTexture
2019-10-19 03:16:34.1041 [DEBUG] No stand-in for UnityEngine.TerrainLayer
2019-10-19 03:16:34.1042 [DEBUG] No stand-in for UnityEngine.Experimental.VFX.VisualEffectAsset
2019-10-19 03:16:34.3591 [DEBUG] Uploading scene 'SampleScene'
2019-10-19 03:16:34.4436 [DEBUG] Compressing scene data
2019-10-19 03:16:34.5470 [DEBUG] Spawn request. (Objects: 21)
2019-10-19 03:16:34.7402 [DEBUG] Loading complete
2019-10-19 03:19:05.0994 [DEBUG] Spawn request. (Objects: 1)
2019-10-19 03:20:35.6147 [DEBUG] Spawn request. (Objects: 1)
2019-10-19 03:21:29.0315 [DEBUG] Spawn request. (Objects: 1)
2019-10-19 03:22:26.8907 [DEBUG] Spawn request. (Objects: 1)
2019-10-19 03:22:45.6510 [DEBUG] Spawn request. (Objects: 1)
2019-10-19 03:23:23.8398 [DEBUG] Spawn request. (Objects: 1)
2019-10-19 03:24:54.4026 [DEBUG] Spawn request. (Objects: 1)
2019-10-19 03:26:09.9764 [DEBUG] Spawn request. (Objects: 1)
2019-10-19 03:27:16.8024 [DEBUG] Spawn request. (Objects: 1)
2019-10-19 03:28:21.6730 [DEBUG] Spawn request. (Objects: 1)
2019-10-19 03:33:56.3153 [DEBUG] Spawn request. (Objects: 1)
2019-10-19 03:34:24.2840 [DEBUG] Spawn request. (Objects: 1)
2019-10-19 03:34:45.7077 [DEBUG] Spawn request. (Objects: 1)
2019-10-19 03:35:34.3254 [DEBUG] Spawn request. (Objects: 1)
2019-10-19 03:37:10.6886 [DEBUG] Spawn request. (Objects: 1)
2019-10-19 03:38:28.2264 [DEBUG] Spawn request. (Objects: 1)
2019-10-19 03:39:28.8646 [DEBUG] Spawn request. (Objects: 1)
2019-10-19 03:42:41.5906 [WARNING] Unable to load prefab 'Assets/Gas station 01.3DS'.
2019-10-19 03:43:04.4450 [WARNING] Unable to load Material 'Assets/Materials/toon road texture_img.mat'.
2019-10-19 03:43:24.0873 [WARNING] Unable to load prefab 'Assets/Gas station 01.3DS'.
2019-10-19 03:43:24.0885 [WARNING] Unable to load prefab 'Assets/Gas station 01.3DS'.
2019-10-19 03:43:24.0898 [WARNING] Unable to load prefab 'Assets/Gas station 01.3DS'.
2019-10-19 03:43:24.0908 [WARNING] Unable to load prefab 'Assets/Gas station 01.3DS'.
2019-10-19 03:43:24.0919 [WARNING] Unable to load prefab 'Assets/Gas station 01.3DS'.
2019-10-19 03:43:24.0930 [WARNING] Unable to load prefab 'Assets/Gas station 01.3DS'.
2019-10-19 03:43:24.0941 [WARNING] Unable to load prefab 'Assets/Gas station 01.3DS'.
2019-10-19 03:43:24.0951 [WARNING] Unable to load prefab 'Assets/Gas station 01.3DS'.
2019-10-19 03:43:24.0961 [WARNING] Unable to load prefab 'Assets/Gas station 01.3DS'.
2019-10-19 03:43:24.0970 [WARNING] Unable to load prefab 'Assets/Gas station 01.3DS'.
2019-10-19 03:43:24.0980 [WARNING] Unable to load prefab 'Assets/Gas station 01.3DS'.
2019-10-19 03:43:24.0990 [WARNING] Unable to load prefab 'Assets/Gas station 01.3DS'.
2019-10-19 03:43:24.1000 [WARNING] Unable to load prefab 'Assets/Gas station 01.3DS'.
2019-10-19 03:43:24.1011 [WARNING] Unable to load prefab 'Assets/Gas station 01.3DS'.
2019-10-19 03:43:24.1199 [WARNING] Unable to load prefab 'Assets/Gas station 01.3DS'.
2019-10-19 03:43:24.1213 [WARNING] Unable to load prefab 'Assets/Gas station 01.3DS'.
2019-10-19 03:43:24.1224 [WARNING] Unable to load prefab 'Assets/Gas station 01.3DS'.
2019-10-19 03:43:24.1234 [WARNING] Unable to load prefab 'Assets/Gas station 01.3DS'.
2019-10-19 03:43:24.1244 [WARNING] Unable to load prefab 'Assets/Gas station 01.3DS'.
2019-10-19 03:43:24.1254 [WARNING] Unable to load prefab 'Assets/Gas station 01.3DS'.
2019-10-19 03:43:24.1264 [WARNING] Unable to load prefab 'Assets/Gas station 01.3DS'.
2019-10-19 03:43:24.1274 [WARNING] Unable to load prefab 'Assets/Gas station 01.3DS'.
2019-10-19 03:43:24.1284 [WARNING] Unable to load prefab 'Assets/Gas station 01.3DS'.
2019-10-19 03:43:24.1293 [WARNING] Unable to load prefab 'Assets/Gas station 01.3DS'.
2019-10-19 03:43:24.1303 [WARNING] Unable to load prefab 'Assets/Gas station 01.3DS'.
2019-10-19 03:43:24.1313 [WARNING] Unable to load prefab 'Assets/Gas station 01.3DS'.
2019-10-19 03:43:24.1323 [WARNING] Unable to load prefab 'Assets/Gas station 01.3DS'.
2019-10-19 03:43:24.1333 [WARNING] Unable to load prefab 'Assets/Gas station 01.3DS'.
2019-10-19 03:43:24.1342 [WARNING] Unable to load prefab 'Assets/Gas station 01.3DS'.
2019-10-19 03:43:24.1353 [WARNING] Unable to load prefab 'Assets/Gas station 01.3DS'.
2019-10-19 03:43:24.1363 [WARNING] Unable to load prefab 'Assets/Gas station 01.3DS'.
2019-10-19 03:43:24.1373 [WARNING] Unable to load prefab 'Assets/Gas station 01.3DS'.
2019-10-19 03:43:24.1383 [WARNING] Unable to load prefab 'Assets/Gas station 01.3DS'.
2019-10-19 03:43:24.1392 [WARNING] Unable to load prefab 'Assets/Gas station 01.3DS'.
2019-10-19 03:43:24.1569 [WARNING] Unable to load prefab 'Assets/Gas station 01.3DS'.
2019-10-19 03:43:24.1581 [WARNING] Unable to load prefab 'Assets/Gas station 01.3DS'.
2019-10-19 03:43:24.1591 [WARNING] Unable to load prefab 'Assets/Gas station 01.3DS'.
2019-10-19 03:43:24.1600 [WARNING] Unable to load prefab 'Assets/Gas station 01.3DS'.
2019-10-19 03:43:24.1610 [WARNING] Unable to load prefab 'Assets/Gas station 01.3DS'.
2019-10-19 03:43:24.1621 [WARNING] Unable to load prefab 'Assets/Gas station 01.3DS'.
2019-10-19 03:43:24.1631 [WARNING] Unable to load prefab 'Assets/Gas station 01.3DS'.
2019-10-19 03:43:24.1641 [WARNING] Unable to load prefab 'Assets/Gas station 01.3DS'.
2019-10-19 03:43:24.1651 [WARNING] Unable to load prefab 'Assets/Gas station 01.3DS'.
2019-10-19 03:43:24.1662 [WARNING] Unable to load prefab 'Assets/Gas station 01.3DS'.
2019-10-19 03:43:24.1672 [WARNING] Unable to load prefab 'Assets/Gas station 01.3DS'.
2019-10-19 03:43:24.1681 [WARNING] Unable to load prefab 'Assets/Gas station 01.3DS'.
2019-10-19 03:43:24.1691 [WARNING] Unable to load prefab 'Assets/Gas station 01.3DS'.
2019-10-19 03:43:24.1702 [WARNING] Unable to load prefab 'Assets/Gas station 01.3DS'.
2019-10-19 03:43:24.1712 [WARNING] Unable to load prefab 'Assets/Gas station 01.3DS'.
2019-10-19 03:43:24.1722 [WARNING] Unable to load prefab 'Assets/Gas station 01.3DS'.
2019-10-19 03:43:24.1732 [WARNING] Unable to load prefab 'Assets/Gas station 01.3DS'.
2019-10-19 03:43:24.1742 [WARNING] Unable to load prefab 'Assets/Gas station 01.3DS'.
2019-10-19 03:43:24.1752 [WARNING] Unable to load prefab 'Assets/Gas station 01.3DS'.
2019-10-19 03:43:24.1762 [WARNING] Unable to load prefab 'Assets/Gas station 01.3DS'.
2019-10-19 03:43:24.1917 [WARNING] Unable to load prefab 'Assets/Gas station 01.3DS'.
2019-10-19 03:43:24.1930 [WARNING] Unable to load prefab 'Assets/Gas station 01.3DS'.
2019-10-19 03:43:24.1941 [WARNING] Unable to load prefab 'Assets/Gas station 01.3DS'.
2019-10-19 03:43:24.1951 [WARNING] Unable to load prefab 'Assets/Gas station 01.3DS'.
2019-10-19 03:43:24.1960 [WARNING] Unable to load prefab 'Assets/Gas station 01.3DS'.
2019-10-19 03:43:24.1970 [WARNING] Unable to load prefab 'Assets/Gas station 01.3DS'.
2019-10-19 03:43:24.1980 [WARNING] Unable to load prefab 'Assets/Gas station 01.3DS'.
2019-10-19 03:43:24.1990 [WARNING] Unable to load prefab 'Assets/Gas station 01.3DS'.
2019-10-19 03:43:24.1999 [WARNING] Unable to load prefab 'Assets/Gas station 01.3DS'.
2019-10-19 03:43:24.2010 [WARNING] Unable to load prefab 'Assets/Gas station 01.3DS'.
2019-10-19 03:43:24.2020 [WARNING] Unable to load prefab 'Assets/Gas station 01.3DS'.
2019-10-19 03:43:24.2030 [WARNING] Unable to load prefab 'Assets/Gas station 01.3DS'.
2019-10-19 03:43:24.2040 [WARNING] Unable to load prefab 'Assets/Gas station 01.3DS'.
2019-10-19 03:43:24.2049 [WARNING] Unable to load prefab 'Assets/Gas station 01.3DS'.
2019-10-19 03:43:24.2059 [WARNING] Unable to load prefab 'Assets/Gas station 01.3DS'.
2019-10-19 03:43:24.2068 [WARNING] Unable to load prefab 'Assets/Gas station 01.3DS'.
2019-10-19 03:43:24.2078 [WARNING] Unable to load prefab 'Assets/Gas station 01.3DS'.
2019-10-19 03:43:24.2088 [WARNING] Unable to load prefab 'Assets/Gas station 01.3DS'.
2019-10-19 03:43:24.2098 [WARNING] Unable to load prefab 'Assets/Gas station 01.3DS'.
2019-10-19 03:43:24.2107 [WARNING] Unable to load prefab 'Assets/Gas station 01.3DS'.
2019-10-19 03:43:24.2271 [WARNING] Unable to load prefab 'Assets/Gas station 01.3DS'.
2019-10-19 03:43:24.2284 [WARNING] Unable to load prefab 'Assets/Gas station 01.3DS'.
2019-10-19 03:43:24.2294 [WARNING] Unable to load prefab 'Assets/Gas station 01.3DS'.
2019-10-19 03:43:24.2304 [WARNING] Unable to load prefab 'Assets/Gas station 01.3DS'.
2019-10-19 03:43:24.2315 [WARNING] Unable to load prefab 'Assets/Gas station 01.3DS'.
2019-10-19 03:43:24.2325 [WARNING] Unable to load prefab 'Assets/Gas station 01.3DS'.
2019-10-19 03:43:24.2335 [WARNING] Unable to load prefab 'Assets/Gas station 01.3DS'.
2019-10-19 03:43:24.2346 [WARNING] Unable to load prefab 'Assets/Gas station 01.3DS'.
2019-10-19 03:43:24.2357 [WARNING] Unable to load prefab 'Assets/Gas station 01.3DS'.
2019-10-19 03:43:24.2367 [WARNING] Unable to load prefab 'Assets/Gas station 01.3DS'.
2019-10-19 03:43:24.2378 [WARNING] Unable to load prefab 'Assets/Gas station 01.3DS'.
2019-10-19 03:43:24.2388 [WARNING] Unable to load prefab 'Assets/Gas station 01.3DS'.
2019-10-19 03:43:24.2397 [WARNING] Unable to load prefab 'Assets/Gas station 01.3DS'.
2019-10-19 03:43:24.2407 [WARNING] Unable to load prefab 'Assets/Gas station 01.3DS'.
2019-10-19 03:43:24.2417 [WARNING] Unable to load prefab 'Assets/Gas station 01.3DS'.
2019-10-19 03:43:24.2427 [WARNING] Unable to load prefab 'Assets/Gas station 01.3DS'.
2019-10-19 03:43:24.2437 [WARNING] Unable to load prefab 'Assets/Gas station 01.3DS'.
2019-10-19 03:43:24.2448 [WARNING] Unable to load prefab 'Assets/Gas station 01.3DS'.
2019-10-19 03:43:24.2457 [WARNING] Unable to load prefab 'Assets/Gas station 01.3DS'.
2019-10-19 03:43:24.2642 [WARNING] Unable to load prefab 'Assets/Gas station 01.3DS'.
2019-10-19 03:43:24.2655 [WARNING] Unable to load prefab 'Assets/Gas station 01.3DS'.
2019-10-19 03:43:24.2666 [WARNING] Unable to load prefab 'Assets/Gas station 01.3DS'.
2019-10-19 03:43:24.2678 [WARNING] Unable to load prefab 'Assets/Gas station 01.3DS'.
2019-10-19 03:43:24.2688 [WARNING] Unable to load prefab 'Assets/Gas station 01.3DS'.
2019-10-19 03:43:24.2699 [WARNING] Unable to load prefab 'Assets/Gas station 01.3DS'.
2019-10-19 03:43:24.2709 [WARNING] Unable to load prefab 'Assets/Gas station 01.3DS'.
2019-10-19 03:43:24.2720 [WARNING] Unable to load prefab 'Assets/Gas station 01.3DS'.
2019-10-19 03:43:24.2730 [WARNING] Unable to load prefab 'Assets/Gas station 01.3DS'.
2019-10-19 03:43:24.2740 [WARNING] Unable to load prefab 'Assets/Gas station 01.3DS'.
2019-10-19 03:43:24.2750 [WARNING] Unable to load prefab 'Assets/Gas station 01.3DS'.
2019-10-19 03:43:24.2761 [WARNING] Unable to load prefab 'Assets/Gas station 01.3DS'.
2019-10-19 03:43:24.2772 [WARNING] Unable to load prefab 'Assets/Gas station 01.3DS'.
2019-10-19 03:43:24.2783 [WARNING] Unable to load prefab 'Assets/Gas station 01.3DS'.
2019-10-19 03:43:24.2792 [WARNING] Unable to load prefab 'Assets/Gas station 01.3DS'.
2019-10-19 03:43:24.2802 [WARNING] Unable to load prefab 'Assets/Gas station 01.3DS'.
2019-10-19 03:43:24.2812 [WARNING] Unable to load prefab 'Assets/Gas station 01.3DS'.
2019-10-19 03:43:24.2822 [WARNING] Unable to load prefab 'Assets/Gas station 01.3DS'.
2019-10-19 03:43:24.2832 [WARNING] Unable to load prefab 'Assets/Gas station 01.3DS'.
2019-10-19 03:43:24.3002 [WARNING] Unable to load prefab 'Assets/Gas station 01.3DS'.
2019-10-19 03:43:24.3014 [WARNING] Unable to load prefab 'Assets/Gas station 01.3DS'.
2019-10-19 03:43:24.3025 [WARNING] Unable to load prefab 'Assets/Gas station 01.3DS'.
2019-10-19 03:43:24.3035 [WARNING] Unable to load prefab 'Assets/Gas station 01.3DS'.
2019-10-19 03:43:24.3044 [WARNING] Unable to load prefab 'Assets/Gas station 01.3DS'.
2019-10-19 03:43:24.3054 [WARNING] Unable to load prefab 'Assets/Gas station 01.3DS'.
2019-10-19 03:43:24.3065 [WARNING] Unable to load prefab 'Assets/Gas station 01.3DS'.
2019-10-19 03:43:24.3076 [WARNING] Unable to load prefab 'Assets/Gas station 01.3DS'.
2019-10-19 03:43:24.3085 [WARNING] Unable to load prefab 'Assets/Gas station 01.3DS'.
2019-10-19 03:43:24.3095 [WARNING] Unable to load prefab 'Assets/Gas station 01.3DS'.
2019-10-19 03:43:24.3105 [WARNING] Unable to load prefab 'Assets/Gas station 01.3DS'.
2019-10-19 03:43:24.3116 [WARNING] Unable to load prefab 'Assets/Gas station 01.3DS'.
2019-10-19 03:43:24.3125 [WARNING] Unable to load prefab 'Assets/Gas station 01.3DS'.
2019-10-19 03:43:24.3135 [WARNING] Unable to load prefab 'Assets/Gas station 01.3DS'.
2019-10-19 03:43:24.3145 [WARNING] Unable to load prefab 'Assets/Gas station 01.3DS'.
2019-10-19 03:43:24.3155 [WARNING] Unable to load prefab 'Assets/Gas station 01.3DS'.
2019-10-19 03:43:24.3165 [WARNING] Unable to load prefab 'Assets/Gas station 01.3DS'.
2019-10-19 03:43:24.3176 [WARNING] Unable to load prefab 'Assets/Gas station 01.3DS'.
2019-10-19 03:43:24.3186 [WARNING] Unable to load prefab 'Assets/Gas station 01.3DS'.
2019-10-19 03:43:24.3198 [WARNING] Unable to load prefab 'Assets/Gas station 01.3DS'.
2019-10-19 03:43:24.3347 [WARNING] Unable to load prefab 'Assets/Gas station 01.3DS'.
2019-10-19 03:43:24.3364 [WARNING] Unable to load prefab 'Assets/Gas station 01.3DS'.
2019-10-19 03:43:24.3378 [WARNING] Unable to load prefab 'Assets/Gas station 01.3DS'.
2019-10-19 03:43:24.3388 [WARNING] Unable to load prefab 'Assets/Gas station 01.3DS'.
2019-10-19 03:43:24.3397 [WARNING] Unable to load prefab 'Assets/Gas station 01.3DS'.
2019-10-19 03:43:24.3407 [WARNING] Unable to load prefab 'Assets/Gas station 01.3DS'.
2019-10-19 03:43:24.3418 [WARNING] Unable to load prefab 'Assets/Gas station 01.3DS'.
2019-10-19 03:43:24.3428 [WARNING] Unable to load prefab 'Assets/Gas station 01.3DS'.
2019-10-19 03:43:24.3438 [WARNING] Unable to load prefab 'Assets/Gas station 01.3DS'.
2019-10-19 03:43:24.3448 [WARNING] Unable to load prefab 'Assets/Gas station 01.3DS'.
2019-10-19 03:43:24.3459 [WARNING] Unable to load prefab 'Assets/Gas station 01.3DS'.
2019-10-19 03:43:24.3468 [WARNING] Unable to load prefab 'Assets/Gas station 01.3DS'.
2019-10-19 03:43:24.3478 [WARNING] Unable to load prefab 'Assets/Gas station 01.3DS'.
2019-10-19 03:43:24.3488 [WARNING] Unable to load prefab 'Assets/Gas station 01.3DS'.
2019-10-19 03:43:24.3498 [WARNING] Unable to load prefab 'Assets/Gas station 01.3DS'.
2019-10-19 03:43:24.3508 [WARNING] Unable to load prefab 'Assets/Gas station 01.3DS'.
2019-10-19 03:43:24.3518 [WARNING] Unable to load prefab 'Assets/Gas station 01.3DS'.
2019-10-19 03:43:24.3528 [WARNING] Unable to load prefab 'Assets/Gas station 01.3DS'.
2019-10-19 03:43:24.3539 [WARNING] Unable to load prefab 'Assets/Gas station 01.3DS'.
2019-10-19 03:43:24.3730 [WARNING] Unable to load prefab 'Assets/Gas station 01.3DS'.
2019-10-19 03:43:24.3742 [WARNING] Unable to load prefab 'Assets/Gas station 01.3DS'.
2019-10-19 03:43:24.3752 [WARNING] Unable to load prefab 'Assets/Gas station 01.3DS'.
2019-10-19 03:43:24.3762 [WARNING] Unable to load prefab 'Assets/Gas station 01.3DS'.
2019-10-19 03:43:24.3772 [WARNING] Unable to load prefab 'Assets/Gas station 01.3DS'.
2019-10-19 03:43:24.3782 [WARNING] Unable to load prefab 'Assets/Gas station 01.3DS'.
2019-10-19 03:43:24.3791 [WARNING] Unable to load prefab 'Assets/Gas station 01.3DS'.
2019-10-19 03:43:24.3801 [WARNING] Unable to load prefab 'Assets/Gas station 01.3DS'.
2019-10-19 03:43:24.3811 [WARNING] Unable to load prefab 'Assets/Gas station 01.3DS'.
2019-10-19 03:43:24.3821 [WARNING] Unable to load prefab 'Assets/Gas station 01.3DS'.
2019-10-19 03:43:24.3831 [WARNING] Unable to load prefab 'Assets/Gas station 01.3DS'.
2019-10-19 03:43:24.3841 [WARNING] Unable to load prefab 'Assets/Gas station 01.3DS'.
2019-10-19 03:43:24.3851 [WARNING] Unable to load prefab 'Assets/Gas station 01.3DS'.
2019-10-19 03:43:24.3860 [WARNING] Unable to load prefab 'Assets/Gas station 01.3DS'.
2019-10-19 03:43:24.3870 [WARNING] Unable to load prefab 'Assets/Gas station 01.3DS'.
2019-10-19 03:43:24.3880 [WARNING] Unable to load prefab 'Assets/Gas station 01.3DS'.
2019-10-19 03:43:24.3890 [WARNING] Unable to load prefab 'Assets/Gas station 01.3DS'.
2019-10-19 03:43:24.3899 [WARNING] Unable to load prefab 'Assets/Gas station 01.3DS'.
2019-10-19 03:43:24.3909 [WARNING] Unable to load prefab 'Assets/Gas station 01.3DS'.
2019-10-19 03:43:24.3919 [WARNING] Unable to load prefab 'Assets/Gas station 01.3DS'.
2019-10-19 03:43:24.3928 [WARNING] Unable to load prefab 'Assets/Gas station 01.3DS'.
2019-10-19 03:43:24.4111 [WARNING] Unable to load prefab 'Assets/Gas station 01.3DS'.
2019-10-19 03:43:24.4124 [WARNING] Unable to load prefab 'Assets/Gas station 01.3DS'.
2019-10-19 03:43:24.4135 [WARNING] Unable to load prefab 'Assets/Gas station 01.3DS'.
2019-10-19 03:43:24.4145 [WARNING] Unable to load prefab 'Assets/Gas station 01.3DS'.
2019-10-19 03:43:24.4155 [WARNING] Unable to load prefab 'Assets/Gas station 01.3DS'.
2019-10-19 03:43:24.4164 [WARNING] Unable to load prefab 'Assets/Gas station 01.3DS'.
2019-10-19 03:43:24.4174 [WARNING] Unable to load prefab 'Assets/Gas station 01.3DS'.
2019-10-19 03:43:24.4184 [WARNING] Unable to load prefab 'Assets/Gas station 01.3DS'.
2019-10-19 03:43:24.4194 [WARNING] Unable to load prefab 'Assets/Gas station 01.3DS'.
2019-10-19 03:43:24.4203 [WARNING] Unable to load prefab 'Assets/Gas station 01.3DS'.
2019-10-19 03:43:24.4213 [WARNING] Unable to load prefab 'Assets/Gas station 01.3DS'.
2019-10-19 03:43:24.4223 [WARNING] Unable to load prefab 'Assets/Gas station 01.3DS'.
2019-10-19 03:43:24.4233 [WARNING] Unable to load prefab 'Assets/Gas station 01.3DS'.
2019-10-19 03:43:24.4243 [WARNING] Unable to load prefab 'Assets/Gas station 01.3DS'.
2019-10-19 03:43:24.4252 [WARNING] Unable to load prefab 'Assets/Gas station 01.3DS'.
2019-10-19 03:43:24.4263 [WARNING] Unable to load prefab 'Assets/Gas station 01.3DS'.
2019-10-19 03:43:24.4273 [WARNING] Unable to load prefab 'Assets/Gas station 01.3DS'.
2019-10-19 03:43:24.4283 [WARNING] Unable to load prefab 'Assets/Gas station 01.3DS'.
2019-10-19 03:43:24.4293 [WARNING] Unable to load prefab 'Assets/Gas station 01.3DS'.
2019-10-19 03:43:24.4303 [WARNING] Unable to load prefab 'Assets/Gas station 01.3DS'.
2019-10-19 03:43:24.4465 [WARNING] Unable to load prefab 'Assets/Gas station 01.3DS'.
2019-10-19 03:43:24.4481 [WARNING] Unable to load prefab 'Assets/Gas station 01.3DS'.
2019-10-19 03:43:24.4494 [WARNING] Unable to load prefab 'Assets/Gas station 01.3DS'.
2019-10-19 03:43:24.4504 [WARNING] Unable to load prefab 'Assets/Gas station 01.3DS'.
2019-10-19 03:43:24.4515 [WARNING] Unable to load prefab 'Assets/Gas station 01.3DS'.
2019-10-19 03:43:24.4526 [WARNING] Unable to load prefab 'Assets/Gas station 01.3DS'.
2019-10-19 03:43:24.4537 [WARNING] Unable to load prefab 'Assets/Gas station 01.3DS'.
2019-10-19 03:43:24.4548 [WARNING] Unable to load prefab 'Assets/Gas station 01.3DS'.
2019-10-19 03:43:24.4559 [WARNING] Unable to load prefab 'Assets/Gas station 01.3DS'.
2019-10-19 03:43:24.4569 [WARNING] Unable to load prefab 'Assets/Gas station 01.3DS'.
2019-10-19 03:43:24.4579 [WARNING] Unable to load prefab 'Assets/Gas station 01.3DS'.
2019-10-19 03:43:24.4589 [WARNING] Unable to load prefab 'Assets/Gas station 01.3DS'.
2019-10-19 03:43:24.4598 [WARNING] Unable to load prefab 'Assets/Gas station 01.3DS'.
2019-10-19 03:43:24.4608 [WARNING] Unable to load prefab 'Assets/Gas station 01.3DS'.
2019-10-19 03:43:24.4618 [WARNING] Unable to load prefab 'Assets/Gas station 01.3DS'.
2019-10-19 03:43:24.4628 [WARNING] Unable to load prefab 'Assets/Gas station 01.3DS'.
2019-10-19 03:43:24.4637 [WARNING] Unable to load prefab 'Assets/Gas station 01.3DS'.
2019-10-19 03:43:24.4648 [WARNING] Unable to load prefab 'Assets/Gas station 01.3DS'.
2019-10-19 03:43:24.4659 [WARNING] Unable to load prefab 'Assets/Gas station 01.3DS'.
2019-10-19 03:43:24.4845 [WARNING] Unable to load prefab 'Assets/Gas station 01.3DS'.
2019-10-19 03:43:24.4857 [WARNING] Unable to load prefab 'Assets/Gas station 01.3DS'.
2019-10-19 03:43:24.4867 [WARNING] Unable to load prefab 'Assets/Gas station 01.3DS'.
2019-10-19 03:43:24.4877 [WARNING] Unable to load prefab 'Assets/Gas station 01.3DS'.
2019-10-19 03:43:24.4886 [WARNING] Unable to load prefab 'Assets/Gas station 01.3DS'.
2019-10-19 03:43:24.4896 [WARNING] Unable to load prefab 'Assets/Gas station 01.3DS'.
2019-10-19 03:43:24.4906 [WARNING] Unable to load prefab 'Assets/Gas station 01.3DS'.
2019-10-19 03:43:24.4916 [WARNING] Unable to load prefab 'Assets/Gas station 01.3DS'.
2019-10-19 03:43:24.4926 [WARNING] Unable to load prefab 'Assets/Gas station 01.3DS'.
2019-10-19 03:43:24.4936 [WARNING] Unable to load prefab 'Assets/Gas station 01.3DS'.
2019-10-19 03:43:24.4946 [WARNING] Unable to load prefab 'Assets/Gas station 01.3DS'.
2019-10-19 03:43:24.4955 [WARNING] Unable to load prefab 'Assets/Gas station 01.3DS'.
2019-10-19 03:43:24.4966 [WARNING] Unable to load prefab 'Assets/Gas station 01.3DS'.
2019-10-19 03:43:24.4976 [WARNING] Unable to load prefab 'Assets/Gas station 01.3DS'.
2019-10-19 03:43:24.4986 [WARNING] Unable to load prefab 'Assets/Gas station 01.3DS'.
2019-10-19 03:43:24.4996 [WARNING] Unable to load prefab 'Assets/Gas station 01.3DS'.
2019-10-19 03:43:24.5006 [WARNING] Unable to load prefab 'Assets/Gas station 01.3DS'.
2019-10-19 03:43:24.5016 [WARNING] Unable to load prefab 'Assets/Gas station 01.3DS'.
2019-10-19 03:43:24.5026 [WARNING] Unable to load prefab 'Assets/Gas station 01.3DS'.
2019-10-19 03:43:24.5035 [WARNING] Unable to load prefab 'Assets/Gas station 01.3DS'.
2019-10-19 03:43:24.5194 [WARNING] Unable to load prefab 'Assets/Gas station 01.3DS'.
2019-10-19 03:43:24.5210 [WARNING] Unable to load prefab 'Assets/Gas station 01.3DS'.
2019-10-19 03:43:24.5221 [WARNING] Unable to load prefab 'Assets/Gas station 01.3DS'.
2019-10-19 03:43:24.5231 [WARNING] Unable to load prefab 'Assets/Gas station 01.3DS'.
2019-10-19 03:43:24.5241 [WARNING] Unable to load prefab 'Assets/Gas station 01.3DS'.
2019-10-19 03:43:24.5250 [WARNING] Unable to load prefab 'Assets/Gas station 01.3DS'.
2019-10-19 03:43:24.5260 [WARNING] Unable to load prefab 'Assets/Gas station 01.3DS'.
2019-10-19 03:43:24.5270 [WARNING] Unable to load prefab 'Assets/Gas station 01.3DS'.
2019-10-19 03:43:24.5280 [WARNING] Unable to load prefab 'Assets/Gas station 01.3DS'.
2019-10-19 03:43:24.5289 [WARNING] Unable to load prefab 'Assets/Gas station 01.3DS'.
2019-10-19 03:43:24.5299 [WARNING] Unable to load prefab 'Assets/Gas station 01.3DS'.
2019-10-19 03:43:24.5308 [WARNING] Unable to load prefab 'Assets/Gas station 01.3DS'.
2019-10-19 03:43:24.5318 [WARNING] Unable to load prefab 'Assets/Gas station 01.3DS'.
2019-10-19 03:43:24.5329 [WARNING] Unable to load prefab 'Assets/Gas station 01.3DS'.
2019-10-19 03:43:24.5340 [WARNING] Unable to load prefab 'Assets/Gas station 01.3DS'.
2019-10-19 03:43:24.5349 [WARNING] Unable to load prefab 'Assets/Gas station 01.3DS'.
2019-10-19 03:43:24.5359 [WARNING] Unable to load prefab 'Assets/Gas station 01.3DS'.
2019-10-19 03:43:24.5369 [WARNING] Unable to load prefab 'Assets/Gas station 01.3DS'.
2019-10-19 03:43:24.5379 [WARNING] Unable to load prefab 'Assets/Gas station 01.3DS'.
2019-10-19 03:43:24.5388 [WARNING] Unable to load prefab 'Assets/Gas station 01.3DS'.
2019-10-19 03:43:24.5566 [WARNING] Unable to load prefab 'Assets/Gas station 01.3DS'.
2019-10-19 03:43:24.5582 [WARNING] Unable to load prefab 'Assets/Gas station 01.3DS'.
2019-10-19 03:43:24.5592 [WARNING] Unable to load prefab 'Assets/Gas station 01.3DS'.
2019-10-19 03:43:24.5602 [WARNING] Unable to load prefab 'Assets/Gas station 01.3DS'.
2019-10-19 03:43:24.5612 [WARNING] Unable to load prefab 'Assets/Gas station 01.3DS'.
2019-10-19 03:43:24.5622 [WARNING] Unable to load prefab 'Assets/Gas station 01.3DS'.
2019-10-19 03:43:24.5631 [WARNING] Unable to load prefab 'Assets/Gas station 01.3DS'.
2019-10-19 03:43:24.5641 [WARNING] Unable to load prefab 'Assets/Gas station 01.3DS'.
2019-10-19 03:43:24.5651 [WARNING] Unable to load prefab 'Assets/Gas station 01.3DS'.
2019-10-19 03:43:24.5661 [WARNING] Unable to load prefab 'Assets/Gas station 01.3DS'.
2019-10-19 03:43:24.5671 [WARNING] Unable to load prefab 'Assets/Gas station 01.3DS'.
2019-10-19 03:43:24.5682 [WARNING] Unable to load prefab 'Assets/Gas station 01.3DS'.
2019-10-19 03:43:24.5693 [WARNING] Unable to load prefab 'Assets/Gas station 01.3DS'.
2019-10-19 03:43:24.5703 [WARNING] Unable to load prefab 'Assets/Gas station 01.3DS'.
2019-10-19 03:43:24.5713 [WARNING] Unable to load prefab 'Assets/Gas station 01.3DS'.
2019-10-19 03:43:24.5723 [WARNING] Unable to load prefab 'Assets/Gas station 01.3DS'.
2019-10-19 03:43:24.5734 [WARNING] Unable to load prefab 'Assets/Gas station 01.3DS'.
2019-10-19 03:43:24.5744 [WARNING] Unable to load prefab 'Assets/Gas station 01.3DS'.
2019-10-19 03:43:24.5754 [WARNING] Unable to load prefab 'Assets/Gas station 01.3DS'.
2019-10-19 03:43:24.5917 [WARNING] Unable to load prefab 'Assets/Gas station 01.3DS'.
2019-10-19 03:43:24.5930 [WARNING] Unable to load prefab 'Assets/Gas station 01.3DS'.
2019-10-19 03:43:24.5940 [WARNING] Unable to load prefab 'Assets/Gas station 01.3DS'.
2019-10-19 03:43:24.5950 [WARNING] Unable to load prefab 'Assets/Gas station 01.3DS'.
2019-10-19 03:43:24.5960 [WARNING] Unable to load prefab 'Assets/Gas station 01.3DS'.
2019-10-19 03:43:24.5970 [WARNING] Unable to load prefab 'Assets/Gas station 01.3DS'.
2019-10-19 03:43:24.5980 [WARNING] Unable to load prefab 'Assets/Gas station 01.3DS'.
2019-10-19 03:43:24.5990 [WARNING] Unable to load prefab 'Assets/Gas station 01.3DS'.
2019-10-19 03:43:24.6000 [WARNING] Unable to load prefab 'Assets/Gas station 01.3DS'.
2019-10-19 03:43:24.6010 [WARNING] Unable to load prefab 'Assets/Gas station 01.3DS'.
2019-10-19 03:43:24.6020 [WARNING] Unable to load prefab 'Assets/Gas station 01.3DS'.
2019-10-19 03:43:24.6029 [WARNING] Unable to load prefab 'Assets/Gas station 01.3DS'.
2019-10-19 03:43:24.6039 [WARNING] Unable to load prefab 'Assets/Gas station 01.3DS'.
2019-10-19 03:43:24.6049 [WARNING] Unable to load prefab 'Assets/Gas station 01.3DS'.
2019-10-19 03:43:24.6059 [WARNING] Unable to load prefab 'Assets/Gas station 01.3DS'.
2019-10-19 03:43:24.6069 [WARNING] Unable to load prefab 'Assets/Gas station 01.3DS'.
2019-10-19 03:43:24.6079 [WARNING] Unable to load prefab 'Assets/Gas station 01.3DS'.
2019-10-19 03:43:24.6088 [WARNING] Unable to load prefab 'Assets/Gas station 01.3DS'.
2019-10-19 03:43:24.6098 [WARNING] Unable to load prefab 'Assets/Gas station 01.3DS'.
2019-10-19 03:43:24.6108 [WARNING] Unable to load prefab 'Assets/Gas station 01.3DS'.
2019-10-19 03:43:24.6263 [WARNING] Unable to load prefab 'Assets/Gas station 01.3DS'.
2019-10-19 03:43:24.6276 [WARNING] Unable to load prefab 'Assets/Gas station 01.3DS'.
2019-10-19 03:43:24.6288 [WARNING] Unable to load prefab 'Assets/Gas station 01.3DS'.
2019-10-19 03:43:24.6298 [WARNING] Unable to load prefab 'Assets/Gas station 01.3DS'.
2019-10-19 03:43:24.6309 [WARNING] Unable to load prefab 'Assets/Gas station 01.3DS'.
2019-10-19 03:43:24.6319 [WARNING] Unable to load prefab 'Assets/Gas station 01.3DS'.
2019-10-19 03:43:24.6329 [WARNING] Unable to load prefab 'Assets/Gas station 01.3DS'.
2019-10-19 03:43:24.6339 [WARNING] Unable to load prefab 'Assets/Gas station 01.3DS'.
2019-10-19 03:43:24.6349 [WARNING] Unable to load prefab 'Assets/Gas station 01.3DS'.
2019-10-19 03:43:24.6359 [WARNING] Unable to load prefab 'Assets/Gas station 01.3DS'.
2019-10-19 03:43:24.6369 [WARNING] Unable to load prefab 'Assets/Gas station 01.3DS'.
2019-10-19 03:43:24.6379 [WARNING] Unable to load prefab 'Assets/Gas station 01.3DS'.
2019-10-19 03:43:24.6388 [WARNING] Unable to load prefab 'Assets/Gas station 01.3DS'.
2019-10-19 03:43:24.6398 [WARNING] Unable to load prefab 'Assets/Gas station 01.3DS'.
2019-10-19 03:43:24.6408 [WARNING] Unable to load prefab 'Assets/Gas station 01.3DS'.
2019-10-19 03:43:24.6418 [WARNING] Unable to load prefab 'Assets/Gas station 01.3DS'.
2019-10-19 03:43:24.6428 [WARNING] Unable to load prefab 'Assets/Gas station 01.3DS'.
2019-10-19 03:43:24.6437 [WARNING] Unable to load prefab 'Assets/Gas station 01.3DS'.
2019-10-19 03:43:24.6447 [WARNING] Unable to load prefab 'Assets/Gas station 01.3DS'.
2019-10-19 03:43:24.6457 [WARNING] Unable to load prefab 'Assets/Gas station 01.3DS'.
2019-10-19 03:43:24.6640 [WARNING] Unable to load prefab 'Assets/Gas station 01.3DS'.
2019-10-19 03:43:24.6652 [WARNING] Unable to load prefab 'Assets/Gas station 01.3DS'.
2019-10-19 03:43:24.6662 [WARNING] Unable to load prefab 'Assets/Gas station 01.3DS'.
2019-10-19 03:43:24.6672 [WARNING] Unable to load prefab 'Assets/Gas station 01.3DS'.
2019-10-19 03:43:24.6683 [WARNING] Unable to load prefab 'Assets/Gas station 01.3DS'.
2019-10-19 03:43:24.6694 [WARNING] Unable to load prefab 'Assets/Gas station 01.3DS'.
2019-10-19 03:43:24.6705 [WARNING] Unable to load prefab 'Assets/Gas station 01.3DS'.
2019-10-19 03:43:24.6716 [WARNING] Unable to load prefab 'Assets/Gas station 01.3DS'.
2019-10-19 03:43:24.6726 [WARNING] Unable to load prefab 'Assets/Gas station 01.3DS'.
2019-10-19 03:43:24.6737 [WARNING] Unable to load prefab 'Assets/Gas station 01.3DS'.
2019-10-19 03:43:24.6747 [WARNING] Unable to load prefab 'Assets/Gas station 01.3DS'.
2019-10-19 03:43:24.6757 [WARNING] Unable to load prefab 'Assets/Gas station 01.3DS'.
2019-10-19 03:43:24.6767 [WARNING] Unable to load prefab 'Assets/Gas station 01.3DS'.
2019-10-19 03:43:24.6777 [WARNING] Unable to load prefab 'Assets/Gas station 01.3DS'.
2019-10-19 03:43:24.6787 [WARNING] Unable to load prefab 'Assets/Gas station 01.3DS'.
2019-10-19 03:43:24.6796 [WARNING] Unable to load prefab 'Assets/Gas station 01.3DS'.
2019-10-19 03:43:24.6806 [WARNING] Unable to load prefab 'Assets/Gas station 01.3DS'.
2019-10-19 03:43:24.6816 [WARNING] Unable to load prefab 'Assets/Gas station 01.3DS'.
2019-10-19 03:43:24.6826 [WARNING] Unable to load prefab 'Assets/Gas station 01.3DS'.
2019-10-19 03:43:24.6836 [WARNING] Unable to load prefab 'Assets/Gas station 01.3DS'.
2019-10-19 03:43:24.6982 [WARNING] Unable to load prefab 'Assets/Gas station 01.3DS'.
2019-10-19 03:43:24.6996 [WARNING] Unable to load prefab 'Assets/Gas station 01.3DS'.
2019-10-19 03:43:24.7010 [WARNING] Unable to load prefab 'Assets/Gas station 01.3DS'.
2019-10-19 03:43:24.7022 [WARNING] Unable to load prefab 'Assets/Gas station 01.3DS'.
2019-10-19 03:43:24.7032 [WARNING] Unable to load prefab 'Assets/Gas station 01.3DS'.
2019-10-19 03:43:24.7043 [WARNING] Unable to load prefab 'Assets/Gas station 01.3DS'.
2019-10-19 03:43:24.7053 [WARNING] Unable to load prefab 'Assets/Gas station 01.3DS'.
2019-10-19 03:43:24.7063 [WARNING] Unable to load prefab 'Assets/Gas station 01.3DS'.
2019-10-19 03:43:24.7073 [WARNING] Unable to load prefab 'Assets/Gas station 01.3DS'.
2019-10-19 03:43:24.7082 [WARNING] Unable to load prefab 'Assets/Gas station 01.3DS'.
2019-10-19 03:43:24.7092 [WARNING] Unable to load prefab 'Assets/Gas station 01.3DS'.
2019-10-19 03:43:24.7102 [WARNING] Unable to load prefab 'Assets/Gas station 01.3DS'.
2019-10-19 03:43:24.7112 [WARNING] Unable to load prefab 'Assets/Gas station 01.3DS'.
2019-10-19 03:43:24.7122 [WARNING] Unable to load prefab 'Assets/Gas station 01.3DS'.
2019-10-19 03:43:24.7131 [WARNING] Unable to load prefab 'Assets/Gas station 01.3DS'.
2019-10-19 03:43:24.7141 [WARNING] Unable to load prefab 'Assets/Gas station 01.3DS'.
2019-10-19 03:43:24.7151 [WARNING] Unable to load prefab 'Assets/Gas station 01.3DS'.
2019-10-19 03:43:24.7161 [WARNING] Unable to load prefab 'Assets/Gas station 01.3DS'.
2019-10-19 03:43:24.7171 [WARNING] Unable to load prefab 'Assets/Gas station 01.3DS'.
2019-10-19 03:43:24.7342 [WARNING] Unable to load prefab 'Assets/Gas station 01.3DS'.
2019-10-19 03:43:24.7355 [WARNING] Unable to load prefab 'Assets/Gas station 01.3DS'.
2019-10-19 03:43:24.7366 [WARNING] Unable to load prefab 'Assets/Gas station 01.3DS'.
2019-10-19 03:43:24.7377 [WARNING] Unable to load prefab 'Assets/Gas station 01.3DS'.
2019-10-19 03:43:24.7387 [WARNING] Unable to load prefab 'Assets/Gas station 01.3DS'.
2019-10-19 03:43:24.7397 [WARNING] Unable to load prefab 'Assets/Gas station 01.3DS'.
2019-10-19 03:43:24.7408 [WARNING] Unable to load prefab 'Assets/Gas station 01.3DS'.
2019-10-19 03:43:24.7419 [WARNING] Unable to load prefab 'Assets/Gas station 01.3DS'.
2019-10-19 03:43:24.7429 [WARNING] Unable to load prefab 'Assets/Gas station 01.3DS'.
2019-10-19 03:43:24.7439 [WARNING] Unable to load prefab 'Assets/Gas station 01.3DS'.
2019-10-19 03:43:24.7449 [WARNING] Unable to load prefab 'Assets/Gas station 01.3DS'.
2019-10-19 03:43:24.7460 [WARNING] Unable to load prefab 'Assets/Gas station 01.3DS'.
2019-10-19 03:43:24.7470 [WARNING] Unable to load prefab 'Assets/Gas station 01.3DS'.
2019-10-19 03:43:24.7480 [WARNING] Unable to load prefab 'Assets/Gas station 01.3DS'.
2019-10-19 03:43:24.7490 [WARNING] Unable to load prefab 'Assets/Gas station 01.3DS'.
2019-10-19 03:43:24.7499 [WARNING] Unable to load prefab 'Assets/Gas station 01.3DS'.
2019-10-19 03:43:24.7509 [WARNING] Unable to load prefab 'Assets/Gas station 01.3DS'.
2019-10-19 03:43:24.7519 [WARNING] Unable to load prefab 'Assets/Gas station 01.3DS'.
2019-10-19 03:43:24.7530 [WARNING] Unable to load prefab 'Assets/Gas station 01.3DS'.
2019-10-19 03:43:24.7710 [WARNING] Unable to load prefab 'Assets/Gas station 01.3DS'.
2019-10-19 03:43:24.7723 [WARNING] Unable to load prefab 'Assets/Gas station 01.3DS'.
2019-10-19 03:43:24.7735 [WARNING] Unable to load prefab 'Assets/Gas station 01.3DS'.
2019-10-19 03:43:24.7747 [WARNING] Unable to load prefab 'Assets/Gas station 01.3DS'.
2019-10-19 03:43:24.7758 [WARNING] Unable to load prefab 'Assets/Gas station 01.3DS'.
2019-10-19 03:43:24.7769 [WARNING] Unable to load prefab 'Assets/Gas station 01.3DS'.
2019-10-19 03:43:24.7779 [WARNING] Unable to load prefab 'Assets/Gas station 01.3DS'.
2019-10-19 03:43:24.7789 [WARNING] Unable to load prefab 'Assets/Gas station 01.3DS'.
2019-10-19 03:43:24.7799 [WARNING] Unable to load prefab 'Assets/Gas station 01.3DS'.
2019-10-19 03:43:24.7810 [WARNING] Unable to load prefab 'Assets/Gas station 01.3DS'.
2019-10-19 03:43:24.7819 [WARNING] Unable to load prefab 'Assets/Gas station 01.3DS'.
2019-10-19 03:43:24.7829 [WARNING] Unable to load prefab 'Assets/Gas station 01.3DS'.
2019-10-19 03:43:24.7839 [WARNING] Unable to load prefab 'Assets/Gas station 01.3DS'.
2019-10-19 03:43:24.7849 [WARNING] Unable to load prefab 'Assets/Gas station 01.3DS'.
2019-10-19 03:43:24.7859 [WARNING] Unable to load prefab 'Assets/Gas station 01.3DS'.
2019-10-19 03:43:24.7868 [WARNING] Unable to load prefab 'Assets/Gas station 01.3DS'.
2019-10-19 03:43:24.7878 [WARNING] Unable to load prefab 'Assets/Gas station 01.3DS'.
2019-10-19 03:43:24.7888 [WARNING] Unable to load prefab 'Assets/Gas station 01.3DS'.
2019-10-19 03:43:24.7898 [WARNING] Unable to load prefab 'Assets/Gas station 01.3DS'.
2019-10-19 03:43:24.8070 [WARNING] Unable to load prefab 'Assets/Gas station 01.3DS'.
2019-10-19 03:43:24.8083 [WARNING] Unable to load prefab 'Assets/Gas station 01.3DS'.
2019-10-19 03:43:24.8093 [WARNING] Unable to load prefab 'Assets/Gas station 01.3DS'.
2019-10-19 03:43:24.8106 [WARNING] Unable to load prefab 'Assets/Gas station 01.3DS'.
2019-10-19 03:43:24.8117 [WARNING] Unable to load prefab 'Assets/Gas station 01.3DS'.
2019-10-19 03:43:24.8127 [WARNING] Unable to load prefab 'Assets/Gas station 01.3DS'.
2019-10-19 03:43:24.8137 [WARNING] Unable to load prefab 'Assets/Gas station 01.3DS'.
2019-10-19 03:43:24.8147 [WARNING] Unable to load prefab 'Assets/Gas station 01.3DS'.
2019-10-19 03:43:24.8157 [WARNING] Unable to load prefab 'Assets/Gas station 01.3DS'.
2019-10-19 03:43:24.8167 [WARNING] Unable to load prefab 'Assets/Gas station 01.3DS'.
2019-10-19 03:43:24.8177 [WARNING] Unable to load prefab 'Assets/Gas station 01.3DS'.
2019-10-19 03:43:24.8187 [WARNING] Unable to load prefab 'Assets/Gas station 01.3DS'.
2019-10-19 03:43:24.8196 [WARNING] Unable to load prefab 'Assets/Gas station 01.3DS'.
2019-10-19 03:43:24.8206 [WARNING] Unable to load prefab 'Assets/Gas station 01.3DS'.
2019-10-19 03:43:24.8216 [WARNING] Unable to load prefab 'Assets/Gas station 01.3DS'.
2019-10-19 03:43:24.8225 [WARNING] Unable to load prefab 'Assets/Gas station 01.3DS'.
2019-10-19 03:43:24.8235 [WARNING] Unable to load prefab 'Assets/Gas station 01.3DS'.
2019-10-19 03:43:24.8244 [WARNING] Unable to load prefab 'Assets/Gas station 01.3DS'.
2019-10-19 03:43:24.8254 [WARNING] Unable to load prefab 'Assets/Gas station 01.3DS'.
2019-10-19 03:43:24.8265 [WARNING] Unable to load prefab 'Assets/Gas station 01.3DS'.
2019-10-19 03:43:24.8410 [WARNING] Unable to load prefab 'Assets/Gas station 01.3DS'.
2019-10-19 03:43:24.8424 [WARNING] Unable to load prefab 'Assets/Gas station 01.3DS'.
2019-10-19 03:43:24.8437 [WARNING] Unable to load prefab 'Assets/Gas station 01.3DS'.
2019-10-19 03:46:18.7470 [DEBUG] Spawn request. (Objects: 1)
2019-10-19 03:48:20.8785 [DEBUG] Spawn request. (Objects: 1)
2019-10-19 03:49:46.5210 [DEBUG] Spawn request. (Objects: 411)
2019-10-19 03:55:04.5058 [DEBUG] Spawn request. (Objects: 1)
2019-10-19 03:55:17.7565 [DEBUG] Spawn request. (Objects: 1)
2019-10-19 03:55:30.6246 [DEBUG] Spawn request. (Objects: 1)
2019-10-19 03:55:56.9442 [DEBUG] Spawn request. (Objects: 1)
2019-10-19 03:58:41.9866 [DEBUG] Spawn request. (Objects: 1)
2019-10-19 03:58:57.5069 [DEBUG] Spawn request. (Objects: 1)
2019-10-19 03:59:38.1559 [DEBUG] Spawn request. (Objects: 1)
2019-10-19 03:59:50.0243 [DEBUG] Spawn request. (Objects: 1)
2019-10-19 04:00:00.6166 [DEBUG] Spawn request. (Objects: 1)
2019-10-19 04:00:15.7537 [DEBUG] Spawn request. (Objects: 1)
2019-10-19 04:00:56.5952 [DEBUG] Disconnecting temporarily to enter play mode.
2019-10-19 04:00:56.5968 [DEBUG] Disconnecting from room (106476:SceneFusion:SceneFusion)
2019-10-19 04:00:56.6069 [INFO] Disconnected from server.
2019-10-19 04:00:56.6073 [DEBUG] Disconnect. (Duration: 2662)
2019-10-19 04:00:56.6530 [INFO] Static batching in play mode is not supported in a Scene Fusion session and will be temporarily disabled.
2019-10-19 04:00:59.3974 [DEBUG] Scene Fusion version 1.8.5-0
2019-10-19 04:00:59.5321 [DEBUG] Play mode: True, sync in play mode: False
2019-10-19 04:00:59.7609 [DEBUG] Connecting to room (106476:SceneFusion:SceneFusion) via TCP at roommanager-ec2-35-164-71-216.kinematicsoup.com:21312
2019-10-19 04:00:59.8671 [DEBUG] Host connection. (Session: 106476)
2019-10-19 04:00:59.9522 [DEBUG] Validating model...
2019-10-19 04:01:00.0443 [DEBUG] Model updated
2019-10-19 04:01:00.0448 [DEBUG] Authenticating with server...
2019-10-19 04:01:00.2626 [DEBUG] Connected to room. (106476:SceneFusion:SceneFusion)
2019-10-19 04:01:00.2721 [INFO] Connected to server.
2019-10-19 04:01:00.2726 [DEBUG] OS : Unix 18.7.0.0
2019-10-19 04:01:00.2727 [DEBUG] Unity Version : 2018.4.11f1
2019-10-19 04:01:00.2729 [DEBUG] Pro License : False
2019-10-19 04:01:00.2731 [DEBUG] Platform : OSXEditor
2019-10-19 04:01:00.2731 [DEBUG] Build Target : iOS
2019-10-19 04:01:00.2732 [DEBUG] Scene Fusion version : 1.8.5
2019-10-19 04:01:00.2733 [DEBUG] Scene Fusion client build : 0
2019-10-19 04:01:00.2734 [DEBUG] User : g9brar@edu.uwaterloo.ca
2019-10-19 04:01:00.3895 [DEBUG] Tier: Free, Permissions: 00000200
2019-10-19 04:01:00.3896 [DEBUG] User Permissions: FFFFFFFF
2019-10-19 04:01:00.5360 [DEBUG] No stand-in for UnityEngine.LocalizationAsset
2019-10-19 04:01:00.5362 [DEBUG] No stand-in for UnityEngine.ProceduralMaterial
2019-10-19 04:01:00.5363 [DEBUG] No stand-in for UnityEngine.ProceduralTexture
2019-10-19 04:01:00.5364 [DEBUG] No stand-in for UnityEngine.TerrainLayer
2019-10-19 04:01:00.5365 [DEBUG] No stand-in for UnityEngine.Experimental.VFX.VisualEffectAsset
2019-10-19 04:01:06.2855 [DEBUG] Play mode: False
2019-10-19 04:01:06.4249 [DEBUG] Loading complete
2019-10-19 04:01:20.9658 [DEBUG] Disconnecting temporarily to enter play mode.
2019-10-19 04:01:20.9665 [DEBUG] Disconnecting from room (106476:SceneFusion:SceneFusion)
2019-10-19 04:01:20.9717 [INFO] Disconnected from server.
2019-10-19 04:01:20.9720 [DEBUG] Disconnect. (Duration: -123)
2019-10-19 04:01:21.0015 [INFO] Static batching in play mode is not supported in a Scene Fusion session and will be temporarily disabled.
2019-10-19 04:01:23.4233 [DEBUG] Scene Fusion version 1.8.5-0
2019-10-19 04:01:23.5686 [DEBUG] Play mode: True, sync in play mode: False
2019-10-19 04:01:23.7599 [DEBUG] Connecting to room (106476:SceneFusion:SceneFusion) via TCP at roommanager-ec2-35-164-71-216.kinematicsoup.com:21312
2019-10-19 04:01:23.7658 [DEBUG] Host connection. (Session: 106476)
2019-10-19 04:01:23.8485 [DEBUG] Validating model...
2019-10-19 04:01:23.9352 [DEBUG] Model updated
2019-10-19 04:01:23.9356 [DEBUG] Authenticating with server...
2019-10-19 04:01:24.0685 [DEBUG] Connected to room. (106476:SceneFusion:SceneFusion)
2019-10-19 04:01:24.0872 [INFO] Connected to server.
2019-10-19 04:01:24.0879 [DEBUG] OS : Unix 18.7.0.0
2019-10-19 04:01:24.0880 [DEBUG] Unity Version : 2018.4.11f1
2019-10-19 04:01:24.0883 [DEBUG] Pro License : False
2019-10-19 04:01:24.0885 [DEBUG] Platform : OSXEditor
2019-10-19 04:01:24.0886 [DEBUG] Build Target : iOS
2019-10-19 04:01:24.0888 [DEBUG] Scene Fusion version : 1.8.5
2019-10-19 04:01:24.0889 [DEBUG] Scene Fusion client build : 0
2019-10-19 04:01:24.0890 [DEBUG] User : g9brar@edu.uwaterloo.ca
2019-10-19 04:01:24.2632 [DEBUG] Tier: Free, Permissions: 00000200
2019-10-19 04:01:24.2634 [DEBUG] User Permissions: FFFFFFFF
2019-10-19 04:01:24.3440 [DEBUG] No stand-in for UnityEngine.LocalizationAsset
2019-10-19 04:01:24.3441 [DEBUG] No stand-in for UnityEngine.ProceduralMaterial
2019-10-19 04:01:24.3442 [DEBUG] No stand-in for UnityEngine.ProceduralTexture
2019-10-19 04:01:24.3442 [DEBUG] No stand-in for UnityEngine.TerrainLayer
2019-10-19 04:01:24.3443 [DEBUG] No stand-in for UnityEngine.Experimental.VFX.VisualEffectAsset
2019-10-19 04:02:33.3834 [DEBUG] Play mode: False
2019-10-19 04:02:33.5188 [DEBUG] Loading complete
2019-10-19 04:25:11.2901 [DEBUG] Spawn request. (Objects: 3)
2019-10-19 04:28:23.8390 [DEBUG] Disconnecting temporarily to enter play mode.
2019-10-19 04:28:23.8408 [DEBUG] Disconnecting from room (106476:SceneFusion:SceneFusion)
2019-10-19 04:28:23.8585 [INFO] Disconnected from server.
2019-10-19 04:28:23.8589 [DEBUG] Disconnect. (Duration: 1413)
2019-10-19 04:28:23.8911 [INFO] Static batching in play mode is not supported in a Scene Fusion session and will be temporarily disabled.
2019-10-19 04:28:27.0712 [DEBUG] Scene Fusion version 1.8.5-0
2019-10-19 04:28:27.2465 [DEBUG] Play mode: True, sync in play mode: False
2019-10-19 04:28:27.4621 [DEBUG] Connecting to room (106476:SceneFusion:SceneFusion) via TCP at roommanager-ec2-35-164-71-216.kinematicsoup.com:21312
2019-10-19 04:28:27.6157 [DEBUG] Host connection. (Session: 106476)
2019-10-19 04:28:27.6991 [DEBUG] Validating model...
2019-10-19 04:28:27.7837 [DEBUG] Model updated
2019-10-19 04:28:27.7847 [DEBUG] Authenticating with server...
2019-10-19 04:28:27.9081 [DEBUG] Connected to room. (106476:SceneFusion:SceneFusion)
2019-10-19 04:28:27.9223 [INFO] Connected to server.
2019-10-19 04:28:27.9228 [DEBUG] OS : Unix 18.7.0.0
2019-10-19 04:28:27.9229 [DEBUG] Unity Version : 2018.4.11f1
2019-10-19 04:28:27.9231 [DEBUG] Pro License : False
2019-10-19 04:28:27.9233 [DEBUG] Platform : OSXEditor
2019-10-19 04:28:27.9234 [DEBUG] Build Target : iOS
2019-10-19 04:28:27.9235 [DEBUG] Scene Fusion version : 1.8.5
2019-10-19 04:28:27.9236 [DEBUG] Scene Fusion client build : 0
2019-10-19 04:28:27.9237 [DEBUG] User : g9brar@edu.uwaterloo.ca
2019-10-19 04:28:28.0427 [DEBUG] Tier: Free, Permissions: 00000200
2019-10-19 04:28:28.0428 [DEBUG] User Permissions: FFFFFFFF
2019-10-19 04:28:28.1797 [DEBUG] No stand-in for UnityEngine.LocalizationAsset
2019-10-19 04:28:28.1799 [DEBUG] No stand-in for UnityEngine.ProceduralMaterial
2019-10-19 04:28:28.1801 [DEBUG] No stand-in for UnityEngine.ProceduralTexture
2019-10-19 04:28:28.1802 [DEBUG] No stand-in for UnityEngine.TerrainLayer
2019-10-19 04:28:28.1803 [DEBUG] No stand-in for UnityEngine.Experimental.VFX.VisualEffectAsset
2019-10-19 04:28:40.2640 [DEBUG] Play mode: False
2019-10-19 04:28:40.4095 [DEBUG] Loading complete
2019-10-19 04:29:35.8362 [DEBUG] Disconnecting temporarily to enter play mode.
2019-10-19 04:29:35.8370 [DEBUG] Disconnecting from room (106476:SceneFusion:SceneFusion)
2019-10-19 04:29:35.8518 [INFO] Disconnected from server.
2019-10-19 04:29:35.8520 [DEBUG] Disconnect. (Duration: -82)
2019-10-19 04:29:35.8810 [INFO] Static batching in play mode is not supported in a Scene Fusion session and will be temporarily disabled.
2019-10-19 04:29:38.7634 [DEBUG] Scene Fusion version 1.8.5-0
2019-10-19 04:29:38.9492 [DEBUG] Play mode: True, sync in play mode: False
2019-10-19 04:29:39.1385 [DEBUG] Connecting to room (106476:SceneFusion:SceneFusion) via TCP at roommanager-ec2-35-164-71-216.kinematicsoup.com:21312
2019-10-19 04:29:39.1442 [DEBUG] Host connection. (Session: 106476)
2019-10-19 04:29:39.2270 [DEBUG] Validating model...
2019-10-19 04:29:39.3127 [DEBUG] Model updated
2019-10-19 04:29:39.3130 [DEBUG] Authenticating with server...
2019-10-19 04:29:39.4425 [DEBUG] Connected to room. (106476:SceneFusion:SceneFusion)
2019-10-19 04:29:39.4480 [INFO] Connected to server.
2019-10-19 04:29:39.4485 [DEBUG] OS : Unix 18.7.0.0
2019-10-19 04:29:39.4486 [DEBUG] Unity Version : 2018.4.11f1
2019-10-19 04:29:39.4488 [DEBUG] Pro License : False
2019-10-19 04:29:39.4490 [DEBUG] Platform : OSXEditor
2019-10-19 04:29:39.4491 [DEBUG] Build Target : iOS
2019-10-19 04:29:39.4492 [DEBUG] Scene Fusion version : 1.8.5
2019-10-19 04:29:39.4493 [DEBUG] Scene Fusion client build : 0
2019-10-19 04:29:39.4494 [DEBUG] User : g9brar@edu.uwaterloo.ca
2019-10-19 04:29:39.6414 [DEBUG] Tier: Free, Permissions: 00000200
2019-10-19 04:29:39.6415 [DEBUG] User Permissions: FFFFFFFF
2019-10-19 04:29:39.7182 [DEBUG] No stand-in for UnityEngine.LocalizationAsset
2019-10-19 04:29:39.7183 [DEBUG] No stand-in for UnityEngine.ProceduralMaterial
2019-10-19 04:29:39.7184 [DEBUG] No stand-in for UnityEngine.ProceduralTexture
2019-10-19 04:29:39.7185 [DEBUG] No stand-in for UnityEngine.TerrainLayer
2019-10-19 04:29:39.7185 [DEBUG] No stand-in for UnityEngine.Experimental.VFX.VisualEffectAsset
2019-10-19 04:29:54.5316 [DEBUG] Play mode: False
2019-10-19 04:29:54.6765 [DEBUG] Loading complete
2019-10-19 04:30:09.2805 [DEBUG] Disconnecting temporarily to enter play mode.
2019-10-19 04:30:09.2811 [DEBUG] Disconnecting from room (106476:SceneFusion:SceneFusion)
2019-10-19 04:30:09.2876 [INFO] Disconnected from server.
2019-10-19 04:30:09.2880 [DEBUG] Disconnect. (Duration: -123)
2019-10-19 04:30:09.3182 [INFO] Static batching in play mode is not supported in a Scene Fusion session and will be temporarily disabled.
2019-10-19 04:30:12.2704 [DEBUG] Scene Fusion version 1.8.5-0
2019-10-19 04:30:12.4160 [DEBUG] Play mode: True, sync in play mode: False
2019-10-19 04:30:12.6036 [DEBUG] Connecting to room (106476:SceneFusion:SceneFusion) via TCP at roommanager-ec2-35-164-71-216.kinematicsoup.com:21312
2019-10-19 04:30:12.6093 [DEBUG] Host connection. (Session: 106476)
2019-10-19 04:30:12.6932 [DEBUG] Validating model...
2019-10-19 04:30:12.7812 [DEBUG] Model updated
2019-10-19 04:30:12.7818 [DEBUG] Authenticating with server...
2019-10-19 04:30:12.9044 [DEBUG] Connected to room. (106476:SceneFusion:SceneFusion)
2019-10-19 04:30:12.9217 [INFO] Connected to server.
2019-10-19 04:30:12.9221 [DEBUG] OS : Unix 18.7.0.0
2019-10-19 04:30:12.9222 [DEBUG] Unity Version : 2018.4.11f1
2019-10-19 04:30:12.9224 [DEBUG] Pro License : False
2019-10-19 04:30:12.9225 [DEBUG] Platform : OSXEditor
2019-10-19 04:30:12.9226 [DEBUG] Build Target : iOS
2019-10-19 04:30:12.9227 [DEBUG] Scene Fusion version : 1.8.5
2019-10-19 04:30:12.9228 [DEBUG] Scene Fusion client build : 0
2019-10-19 04:30:12.9229 [DEBUG] User : g9brar@edu.uwaterloo.ca
2019-10-19 04:30:13.0129 [DEBUG] Tier: Free, Permissions: 00000200
2019-10-19 04:30:13.0130 [DEBUG] User Permissions: FFFFFFFF
2019-10-19 04:30:13.0909 [DEBUG] No stand-in for UnityEngine.LocalizationAsset
2019-10-19 04:30:13.0910 [DEBUG] No stand-in for UnityEngine.ProceduralMaterial
2019-10-19 04:30:13.0911 [DEBUG] No stand-in for UnityEngine.ProceduralTexture
2019-10-19 04:30:13.0912 [DEBUG] No stand-in for UnityEngine.TerrainLayer
2019-10-19 04:30:13.0912 [DEBUG] No stand-in for UnityEngine.Experimental.VFX.VisualEffectAsset
2019-10-19 04:30:26.0235 [DEBUG] Play mode: False
2019-10-19 04:30:26.1674 [DEBUG] Loading complete
2019-10-19 04:31:09.5406 [DEBUG] Spawn request. (Objects: 1)
2019-10-19 04:32:20.3923 [DEBUG] Disconnecting temporarily to enter play mode.
2019-10-19 04:32:20.3942 [DEBUG] Disconnecting from room (106476:SceneFusion:SceneFusion)
2019-10-19 04:32:20.4023 [INFO] Disconnected from server.
2019-10-19 04:32:20.4027 [DEBUG] Disconnect. (Duration: -23)
2019-10-19 04:32:20.4338 [INFO] Static batching in play mode is not supported in a Scene Fusion session and will be temporarily disabled.
2019-10-19 04:32:23.0025 [DEBUG] Scene Fusion version 1.8.5-0
2019-10-19 04:32:23.2076 [DEBUG] Play mode: True, sync in play mode: False
2019-10-19 04:32:23.4032 [DEBUG] Connecting to room (106476:SceneFusion:SceneFusion) via TCP at roommanager-ec2-35-164-71-216.kinematicsoup.com:21312
2019-10-19 04:32:23.4090 [DEBUG] Host connection. (Session: 106476)
2019-10-19 04:32:23.4929 [DEBUG] Validating model...
2019-10-19 04:32:23.5786 [DEBUG] Model updated
2019-10-19 04:32:23.5789 [DEBUG] Authenticating with server...
2019-10-19 04:32:23.7053 [DEBUG] Connected to room. (106476:SceneFusion:SceneFusion)
2019-10-19 04:32:23.7132 [INFO] Connected to server.
2019-10-19 04:32:23.7137 [DEBUG] OS : Unix 18.7.0.0
2019-10-19 04:32:23.7138 [DEBUG] Unity Version : 2018.4.11f1
2019-10-19 04:32:23.7140 [DEBUG] Pro License : False
2019-10-19 04:32:23.7142 [DEBUG] Platform : OSXEditor
2019-10-19 04:32:23.7143 [DEBUG] Build Target : iOS
2019-10-19 04:32:23.7144 [DEBUG] Scene Fusion version : 1.8.5
2019-10-19 04:32:23.7145 [DEBUG] Scene Fusion client build : 0
2019-10-19 04:32:23.7146 [DEBUG] User : g9brar@edu.uwaterloo.ca
2019-10-19 04:32:23.9061 [DEBUG] Tier: Free, Permissions: 00000200
2019-10-19 04:32:23.9062 [DEBUG] User Permissions: FFFFFFFF
2019-10-19 04:32:24.0486 [DEBUG] No stand-in for UnityEngine.LocalizationAsset
2019-10-19 04:32:24.0488 [DEBUG] No stand-in for UnityEngine.ProceduralMaterial
2019-10-19 04:32:24.0489 [DEBUG] No stand-in for UnityEngine.ProceduralTexture
2019-10-19 04:32:24.0491 [DEBUG] No stand-in for UnityEngine.TerrainLayer
2019-10-19 04:32:24.0492 [DEBUG] No stand-in for UnityEngine.Experimental.VFX.VisualEffectAsset
2019-10-19 04:32:36.3703 [DEBUG] Play mode: False
2019-10-19 04:32:36.5122 [DEBUG] Loading complete
2019-10-19 04:33:21.4860 [DEBUG] Disconnecting temporarily to enter play mode.
2019-10-19 04:33:21.4868 [DEBUG] Disconnecting from room (106476:SceneFusion:SceneFusion)
2019-10-19 04:33:21.5010 [INFO] Disconnected from server.
2019-10-19 04:33:21.5012 [DEBUG] Disconnect. (Duration: -92)
2019-10-19 04:33:21.5276 [INFO] Static batching in play mode is not supported in a Scene Fusion session and will be temporarily disabled.
2019-10-19 04:33:24.4147 [DEBUG] Scene Fusion version 1.8.5-0
2019-10-19 04:33:24.5771 [DEBUG] Play mode: True, sync in play mode: False
2019-10-19 04:33:24.7840 [DEBUG] Connecting to room (106476:SceneFusion:SceneFusion) via TCP at roommanager-ec2-35-164-71-216.kinematicsoup.com:21312
2019-10-19 04:33:24.7897 [DEBUG] Host connection. (Session: 106476)
2019-10-19 04:33:24.8733 [DEBUG] Validating model...
2019-10-19 04:33:24.9590 [DEBUG] Model updated
2019-10-19 04:33:24.9594 [DEBUG] Authenticating with server...
2019-10-19 04:33:25.0888 [DEBUG] Connected to room. (106476:SceneFusion:SceneFusion)
2019-10-19 04:33:25.0971 [INFO] Connected to server.
2019-10-19 04:33:25.0976 [DEBUG] OS : Unix 18.7.0.0
2019-10-19 04:33:25.0977 [DEBUG] Unity Version : 2018.4.11f1
2019-10-19 04:33:25.0979 [DEBUG] Pro License : False
2019-10-19 04:33:25.0981 [DEBUG] Platform : OSXEditor
2019-10-19 04:33:25.0982 [DEBUG] Build Target : iOS
2019-10-19 04:33:25.0983 [DEBUG] Scene Fusion version : 1.8.5
2019-10-19 04:33:25.0984 [DEBUG] Scene Fusion client build : 0
2019-10-19 04:33:25.0985 [DEBUG] User : g9brar@edu.uwaterloo.ca
2019-10-19 04:33:25.2216 [DEBUG] Tier: Free, Permissions: 00000200
2019-10-19 04:33:25.2218 [DEBUG] User Permissions: FFFFFFFF
2019-10-19 04:33:25.2983 [DEBUG] No stand-in for UnityEngine.LocalizationAsset
2019-10-19 04:33:25.2985 [DEBUG] No stand-in for UnityEngine.ProceduralMaterial
2019-10-19 04:33:25.2985 [DEBUG] No stand-in for UnityEngine.ProceduralTexture
2019-10-19 04:33:25.2986 [DEBUG] No stand-in for UnityEngine.TerrainLayer
2019-10-19 04:33:25.2987 [DEBUG] No stand-in for UnityEngine.Experimental.VFX.VisualEffectAsset
2019-10-19 04:33:31.7509 [DEBUG] Play mode: False
2019-10-19 04:33:31.8923 [DEBUG] Loading complete
2019-10-19 04:33:56.6274 [DEBUG] Disconnecting temporarily to enter play mode.
2019-10-19 04:33:56.6283 [DEBUG] Disconnecting from room (106476:SceneFusion:SceneFusion)
2019-10-19 04:33:56.6386 [INFO] Disconnected from server.
2019-10-19 04:33:56.6388 [DEBUG] Disconnect. (Duration: -113)
2019-10-19 04:33:56.6669 [INFO] Static batching in play mode is not supported in a Scene Fusion session and will be temporarily disabled.
2019-10-19 04:33:59.5853 [DEBUG] Scene Fusion version 1.8.5-0
2019-10-19 04:33:59.7385 [DEBUG] Play mode: True, sync in play mode: False
2019-10-19 04:33:59.9252 [DEBUG] Connecting to room (106476:SceneFusion:SceneFusion) via TCP at roommanager-ec2-35-164-71-216.kinematicsoup.com:21312
2019-10-19 04:33:59.9312 [DEBUG] Host connection. (Session: 106476)
2019-10-19 04:34:00.0205 [DEBUG] Validating model...
2019-10-19 04:34:00.1055 [DEBUG] Model updated
2019-10-19 04:34:00.1059 [DEBUG] Authenticating with server...
2019-10-19 04:34:00.2262 [DEBUG] Connected to room. (106476:SceneFusion:SceneFusion)
2019-10-19 04:34:00.2593 [INFO] Connected to server.
2019-10-19 04:34:00.2597 [DEBUG] OS : Unix 18.7.0.0
2019-10-19 04:34:00.2598 [DEBUG] Unity Version : 2018.4.11f1
2019-10-19 04:34:00.2600 [DEBUG] Pro License : False
2019-10-19 04:34:00.2601 [DEBUG] Platform : OSXEditor
2019-10-19 04:34:00.2602 [DEBUG] Build Target : iOS
2019-10-19 04:34:00.2603 [DEBUG] Scene Fusion version : 1.8.5
2019-10-19 04:34:00.2604 [DEBUG] Scene Fusion client build : 0
2019-10-19 04:34:00.2605 [DEBUG] User : g9brar@edu.uwaterloo.ca
2019-10-19 04:34:00.3774 [DEBUG] Tier: Free, Permissions: 00000200
2019-10-19 04:34:00.3775 [DEBUG] User Permissions: FFFFFFFF
2019-10-19 04:34:00.4543 [DEBUG] No stand-in for UnityEngine.LocalizationAsset
2019-10-19 04:34:00.4544 [DEBUG] No stand-in for UnityEngine.ProceduralMaterial
2019-10-19 04:34:00.4545 [DEBUG] No stand-in for UnityEngine.ProceduralTexture
2019-10-19 04:34:00.4545 [DEBUG] No stand-in for UnityEngine.TerrainLayer
2019-10-19 04:34:00.4546 [DEBUG] No stand-in for UnityEngine.Experimental.VFX.VisualEffectAsset
2019-10-19 04:34:08.2594 [DEBUG] Play mode: False
2019-10-19 04:34:08.3993 [DEBUG] Loading complete
2019-10-19 04:34:53.9623 [DEBUG] Spawn request. (Objects: 1)
2019-10-19 04:36:01.5234 [DEBUG] Disconnecting temporarily to enter play mode.
2019-10-19 04:36:01.5244 [DEBUG] Disconnecting from room (106476:SceneFusion:SceneFusion)
2019-10-19 04:36:01.5382 [INFO] Disconnected from server.
2019-10-19 04:36:01.5384 [DEBUG] Disconnect. (Duration: -24)
2019-10-19 04:36:01.5657 [INFO] Static batching in play mode is not supported in a Scene Fusion session and will be temporarily disabled.
2019-10-19 04:36:04.4178 [DEBUG] Scene Fusion version 1.8.5-0
2019-10-19 04:36:04.5862 [DEBUG] Play mode: True, sync in play mode: False
2019-10-19 04:36:04.7728 [DEBUG] Connecting to room (106476:SceneFusion:SceneFusion) via TCP at roommanager-ec2-35-164-71-216.kinematicsoup.com:21312
2019-10-19 04:36:04.8259 [DEBUG] Host connection. (Session: 106476)
2019-10-19 04:36:04.9106 [DEBUG] Validating model...
2019-10-19 04:36:05.0031 [DEBUG] Model updated
2019-10-19 04:36:05.0037 [DEBUG] Authenticating with server...
2019-10-19 04:36:05.1190 [DEBUG] Connected to room. (106476:SceneFusion:SceneFusion)
2019-10-19 04:36:05.1334 [INFO] Connected to server.
2019-10-19 04:36:05.1338 [DEBUG] OS : Unix 18.7.0.0
2019-10-19 04:36:05.1339 [DEBUG] Unity Version : 2018.4.11f1
2019-10-19 04:36:05.1341 [DEBUG] Pro License : False
2019-10-19 04:36:05.1342 [DEBUG] Platform : OSXEditor
2019-10-19 04:36:05.1343 [DEBUG] Build Target : iOS
2019-10-19 04:36:05.1343 [DEBUG] Scene Fusion version : 1.8.5
2019-10-19 04:36:05.1344 [DEBUG] Scene Fusion client build : 0
2019-10-19 04:36:05.1345 [DEBUG] User : g9brar@edu.uwaterloo.ca
2019-10-19 04:36:05.2287 [DEBUG] Tier: Free, Permissions: 00000200
2019-10-19 04:36:05.2288 [DEBUG] User Permissions: FFFFFFFF
2019-10-19 04:36:05.3018 [DEBUG] No stand-in for UnityEngine.LocalizationAsset
2019-10-19 04:36:05.3019 [DEBUG] No stand-in for UnityEngine.ProceduralMaterial
2019-10-19 04:36:05.3020 [DEBUG] No stand-in for UnityEngine.ProceduralTexture
2019-10-19 04:36:05.3021 [DEBUG] No stand-in for UnityEngine.TerrainLayer
2019-10-19 04:36:05.3021 [DEBUG] No stand-in for UnityEngine.Experimental.VFX.VisualEffectAsset
2019-10-19 04:36:11.3728 [DEBUG] Play mode: False
2019-10-19 04:36:11.5113 [DEBUG] Loading complete
2019-10-19 04:36:20.2033 [DEBUG] Disconnecting temporarily to enter play mode.
2019-10-19 04:36:20.2041 [DEBUG] Disconnecting from room (106476:SceneFusion:SceneFusion)
2019-10-19 04:36:20.2109 [INFO] Disconnected from server.
2019-10-19 04:36:20.2110 [DEBUG] Disconnect. (Duration: -129)
2019-10-19 04:36:20.2407 [INFO] Static batching in play mode is not supported in a Scene Fusion session and will be temporarily disabled.
2019-10-19 04:36:23.1153 [DEBUG] Scene Fusion version 1.8.5-0
2019-10-19 04:36:23.2639 [DEBUG] Play mode: True, sync in play mode: False
2019-10-19 04:36:23.4506 [DEBUG] Connecting to room (106476:SceneFusion:SceneFusion) via TCP at roommanager-ec2-35-164-71-216.kinematicsoup.com:21312
2019-10-19 04:36:23.4563 [DEBUG] Host connection. (Session: 106476)
2019-10-19 04:36:23.5391 [DEBUG] Validating model...
2019-10-19 04:36:23.6373 [DEBUG] Model updated
2019-10-19 04:36:23.6377 [DEBUG] Authenticating with server...
2019-10-19 04:36:23.7492 [DEBUG] Connected to room. (106476:SceneFusion:SceneFusion)
2019-10-19 04:36:23.7709 [INFO] Connected to server.
2019-10-19 04:36:23.7713 [DEBUG] OS : Unix 18.7.0.0
2019-10-19 04:36:23.7714 [DEBUG] Unity Version : 2018.4.11f1
2019-10-19 04:36:23.7716 [DEBUG] Pro License : False
2019-10-19 04:36:23.7718 [DEBUG] Platform : OSXEditor
2019-10-19 04:36:23.7719 [DEBUG] Build Target : iOS
2019-10-19 04:36:23.7719 [DEBUG] Scene Fusion version : 1.8.5
2019-10-19 04:36:23.7720 [DEBUG] Scene Fusion client build : 0
2019-10-19 04:36:23.7721 [DEBUG] User : g9brar@edu.uwaterloo.ca
2019-10-19 04:36:23.8780 [DEBUG] Tier: Free, Permissions: 00000200
2019-10-19 04:36:23.8781 [DEBUG] User Permissions: FFFFFFFF
2019-10-19 04:36:23.9769 [DEBUG] No stand-in for UnityEngine.LocalizationAsset
2019-10-19 04:36:23.9771 [DEBUG] No stand-in for UnityEngine.ProceduralMaterial
2019-10-19 04:36:23.9771 [DEBUG] No stand-in for UnityEngine.ProceduralTexture
2019-10-19 04:36:23.9772 [DEBUG] No stand-in for UnityEngine.TerrainLayer
2019-10-19 04:36:23.9773 [DEBUG] No stand-in for UnityEngine.Experimental.VFX.VisualEffectAsset
2019-10-19 04:36:36.2799 [DEBUG] Play mode: False
2019-10-19 04:36:36.4174 [DEBUG] Loading complete
2019-10-19 04:38:47.8346 [DEBUG] Spawn request. (Objects: 1)
2019-10-19 04:38:47.8560 [DEBUG] Spawn request. (Objects: 1)
2019-10-19 04:45:16.0943 [DEBUG] Spawn request. (Objects: 1)
2019-10-19 04:45:16.0969 [DEBUG] Spawn request. (Objects: 1)
2019-10-19 04:47:44.1576 [DEBUG] Disconnecting temporarily to enter play mode.
2019-10-19 04:47:44.1595 [DEBUG] Disconnecting from room (106476:SceneFusion:SceneFusion)
2019-10-19 04:47:44.1671 [INFO] Disconnected from server.
2019-10-19 04:47:44.1674 [DEBUG] Disconnect. (Duration: 529)
2019-10-19 04:47:44.2068 [INFO] Static batching in play mode is not supported in a Scene Fusion session and will be temporarily disabled.
2019-10-19 04:47:47.4379 [DEBUG] Scene Fusion version 1.8.5-0
2019-10-19 04:47:47.6125 [DEBUG] Play mode: True, sync in play mode: False
2019-10-19 04:47:47.8018 [DEBUG] Connecting to room (106476:SceneFusion:SceneFusion) via TCP at roommanager-ec2-35-164-71-216.kinematicsoup.com:21312
2019-10-19 04:47:47.8837 [DEBUG] Host connection. (Session: 106476)
2019-10-19 04:47:47.9643 [DEBUG] Validating model...
2019-10-19 04:47:48.0508 [DEBUG] Model updated
2019-10-19 04:47:48.0514 [DEBUG] Authenticating with server...
2019-10-19 04:47:48.1676 [DEBUG] Connected to room. (106476:SceneFusion:SceneFusion)
2019-10-19 04:47:48.1765 [INFO] Connected to server.
2019-10-19 04:47:48.1770 [DEBUG] OS : Unix 18.7.0.0
2019-10-19 04:47:48.1771 [DEBUG] Unity Version : 2018.4.11f1
2019-10-19 04:47:48.1774 [DEBUG] Pro License : False
2019-10-19 04:47:48.1775 [DEBUG] Platform : OSXEditor
2019-10-19 04:47:48.1777 [DEBUG] Build Target : iOS
2019-10-19 04:47:48.1778 [DEBUG] Scene Fusion version : 1.8.5
2019-10-19 04:47:48.1778 [DEBUG] Scene Fusion client build : 0
2019-10-19 04:47:48.1780 [DEBUG] User : g9brar@edu.uwaterloo.ca
2019-10-19 04:47:48.3210 [DEBUG] Tier: Free, Permissions: 00000200
2019-10-19 04:47:48.3211 [DEBUG] User Permissions: FFFFFFFF
2019-10-19 04:47:48.4476 [DEBUG] No stand-in for UnityEngine.LocalizationAsset
2019-10-19 04:47:48.4478 [DEBUG] No stand-in for UnityEngine.ProceduralMaterial
2019-10-19 04:47:48.4479 [DEBUG] No stand-in for UnityEngine.ProceduralTexture
2019-10-19 04:47:48.4479 [DEBUG] No stand-in for UnityEngine.TerrainLayer
2019-10-19 04:47:48.4480 [DEBUG] No stand-in for UnityEngine.Experimental.VFX.VisualEffectAsset
2019-10-19 04:47:56.9305 [DEBUG] Play mode: False
2019-10-19 04:47:57.0771 [DEBUG] Loading complete
2019-10-19 04:48:17.0831 [DEBUG] Disconnecting temporarily to enter play mode.
2019-10-19 04:48:17.0846 [DEBUG] Disconnecting from room (106476:SceneFusion:SceneFusion)
2019-10-19 04:48:17.1019 [INFO] Disconnected from server.
2019-10-19 04:48:17.1020 [DEBUG] Disconnect. (Duration: -117)
2019-10-19 04:48:17.1311 [INFO] Static batching in play mode is not supported in a Scene Fusion session and will be temporarily disabled.
2019-10-19 04:48:20.0949 [DEBUG] Scene Fusion version 1.8.5-0
2019-10-19 04:48:20.2426 [DEBUG] Play mode: True, sync in play mode: False
2019-10-19 04:48:20.4308 [DEBUG] Connecting to room (106476:SceneFusion:SceneFusion) via TCP at roommanager-ec2-35-164-71-216.kinematicsoup.com:21312
2019-10-19 04:48:20.4369 [DEBUG] Host connection. (Session: 106476)
2019-10-19 04:48:20.5260 [DEBUG] Validating model...
2019-10-19 04:48:20.6118 [DEBUG] Model updated
2019-10-19 04:48:20.6123 [DEBUG] Authenticating with server...
2019-10-19 04:48:20.7361 [DEBUG] Connected to room. (106476:SceneFusion:SceneFusion)
2019-10-19 04:48:20.7455 [INFO] Connected to server.
2019-10-19 04:48:20.7461 [DEBUG] OS : Unix 18.7.0.0
2019-10-19 04:48:20.7463 [DEBUG] Unity Version : 2018.4.11f1
2019-10-19 04:48:20.7465 [DEBUG] Pro License : False
2019-10-19 04:48:20.7467 [DEBUG] Platform : OSXEditor
2019-10-19 04:48:20.7468 [DEBUG] Build Target : iOS
2019-10-19 04:48:20.7469 [DEBUG] Scene Fusion version : 1.8.5
2019-10-19 04:48:20.7470 [DEBUG] Scene Fusion client build : 0
2019-10-19 04:48:20.7471 [DEBUG] User : g9brar@edu.uwaterloo.ca
2019-10-19 04:48:20.8700 [DEBUG] Tier: Free, Permissions: 00000200
2019-10-19 04:48:20.8702 [DEBUG] User Permissions: FFFFFFFF
2019-10-19 04:48:20.9515 [DEBUG] No stand-in for UnityEngine.LocalizationAsset
2019-10-19 04:48:20.9516 [DEBUG] No stand-in for UnityEngine.ProceduralMaterial
2019-10-19 04:48:20.9517 [DEBUG] No stand-in for UnityEngine.ProceduralTexture
2019-10-19 04:48:20.9518 [DEBUG] No stand-in for UnityEngine.TerrainLayer
2019-10-19 04:48:20.9518 [DEBUG] No stand-in for UnityEngine.Experimental.VFX.VisualEffectAsset
2019-10-19 04:48:46.3856 [DEBUG] Play mode: False
2019-10-19 04:48:46.5307 [DEBUG] Loading complete
2019-10-19 04:49:07.4111 [DEBUG] Disconnecting temporarily to enter play mode.
2019-10-19 04:49:07.4119 [DEBUG] Disconnecting from room (106476:SceneFusion:SceneFusion)
2019-10-19 04:49:07.4303 [INFO] Disconnected from server.
2019-10-19 04:49:07.4305 [DEBUG] Disconnect. (Duration: -116)
2019-10-19 04:49:07.4595 [INFO] Static batching in play mode is not supported in a Scene Fusion session and will be temporarily disabled.
2019-10-19 04:49:10.4739 [DEBUG] Scene Fusion version 1.8.5-0
2019-10-19 04:49:10.6348 [DEBUG] Play mode: True, sync in play mode: False
2019-10-19 04:49:10.8262 [DEBUG] Connecting to room (106476:SceneFusion:SceneFusion) via TCP at roommanager-ec2-35-164-71-216.kinematicsoup.com:21312
2019-10-19 04:49:10.8318 [DEBUG] Host connection. (Session: 106476)
2019-10-19 04:49:10.9275 [DEBUG] Validating model...
2019-10-19 04:49:11.0153 [DEBUG] Model updated
2019-10-19 04:49:11.0157 [DEBUG] Authenticating with server...
2019-10-19 04:49:11.1433 [DEBUG] Connected to room. (106476:SceneFusion:SceneFusion)
2019-10-19 04:49:11.1512 [INFO] Connected to server.
2019-10-19 04:49:11.1518 [DEBUG] OS : Unix 18.7.0.0
2019-10-19 04:49:11.1519 [DEBUG] Unity Version : 2018.4.11f1
2019-10-19 04:49:11.1521 [DEBUG] Pro License : False
2019-10-19 04:49:11.1523 [DEBUG] Platform : OSXEditor
2019-10-19 04:49:11.1524 [DEBUG] Build Target : iOS
2019-10-19 04:49:11.1525 [DEBUG] Scene Fusion version : 1.8.5
2019-10-19 04:49:11.1526 [DEBUG] Scene Fusion client build : 0
2019-10-19 04:49:11.1527 [DEBUG] User : g9brar@edu.uwaterloo.ca
2019-10-19 04:49:11.2451 [DEBUG] Tier: Free, Permissions: 00000200
2019-10-19 04:49:11.2452 [DEBUG] User Permissions: FFFFFFFF
2019-10-19 04:49:11.3204 [DEBUG] No stand-in for UnityEngine.LocalizationAsset
2019-10-19 04:49:11.3205 [DEBUG] No stand-in for UnityEngine.ProceduralMaterial
2019-10-19 04:49:11.3206 [DEBUG] No stand-in for UnityEngine.ProceduralTexture
2019-10-19 04:49:11.3207 [DEBUG] No stand-in for UnityEngine.TerrainLayer
2019-10-19 04:49:11.3207 [DEBUG] No stand-in for UnityEngine.Experimental.VFX.VisualEffectAsset
2019-10-19 04:49:45.4555 [DEBUG] Play mode: False
2019-10-19 04:49:45.5991 [DEBUG] Loading complete
2019-10-19 04:50:49.7794 [DEBUG] Disconnecting temporarily to enter play mode.
2019-10-19 04:50:49.7801 [DEBUG] Disconnecting from room (106476:SceneFusion:SceneFusion)
2019-10-19 04:50:49.7847 [INFO] Disconnected from server.
2019-10-19 04:50:49.7848 [DEBUG] Disconnect. (Duration: -73)
2019-10-19 04:50:49.8136 [INFO] Static batching in play mode is not supported in a Scene Fusion session and will be temporarily disabled.
2019-10-19 04:50:52.7489 [DEBUG] Scene Fusion version 1.8.5-0
2019-10-19 04:50:52.9085 [DEBUG] Play mode: True, sync in play mode: False
2019-10-19 04:50:53.0920 [DEBUG] Connecting to room (106476:SceneFusion:SceneFusion) via TCP at roommanager-ec2-35-164-71-216.kinematicsoup.com:21312
2019-10-19 04:50:53.0978 [DEBUG] Host connection. (Session: 106476)
2019-10-19 04:50:53.1785 [DEBUG] Validating model...
2019-10-19 04:50:53.2640 [DEBUG] Model updated
2019-10-19 04:50:53.2644 [DEBUG] Authenticating with server...
2019-10-19 04:50:53.3872 [DEBUG] Connected to room. (106476:SceneFusion:SceneFusion)
2019-10-19 04:50:53.3954 [INFO] Connected to server.
2019-10-19 04:50:53.3958 [DEBUG] OS : Unix 18.7.0.0
2019-10-19 04:50:53.3959 [DEBUG] Unity Version : 2018.4.11f1
2019-10-19 04:50:53.3961 [DEBUG] Pro License : False
2019-10-19 04:50:53.3962 [DEBUG] Platform : OSXEditor
2019-10-19 04:50:53.3963 [DEBUG] Build Target : iOS
2019-10-19 04:50:53.3964 [DEBUG] Scene Fusion version : 1.8.5
2019-10-19 04:50:53.3964 [DEBUG] Scene Fusion client build : 0
2019-10-19 04:50:53.3965 [DEBUG] User : g9brar@edu.uwaterloo.ca
2019-10-19 04:50:53.4960 [DEBUG] Tier: Free, Permissions: 00000200
2019-10-19 04:50:53.4961 [DEBUG] User Permissions: FFFFFFFF
2019-10-19 04:50:53.5719 [DEBUG] No stand-in for UnityEngine.LocalizationAsset
2019-10-19 04:50:53.5720 [DEBUG] No stand-in for UnityEngine.ProceduralMaterial
2019-10-19 04:50:53.5721 [DEBUG] No stand-in for UnityEngine.ProceduralTexture
2019-10-19 04:50:53.5721 [DEBUG] No stand-in for UnityEngine.TerrainLayer
2019-10-19 04:50:53.5722 [DEBUG] No stand-in for UnityEngine.Experimental.VFX.VisualEffectAsset
2019-10-19 04:51:00.7921 [DEBUG] Play mode: False
2019-10-19 04:51:00.9327 [DEBUG] Loading complete
2019-10-19 04:51:58.9480 [DEBUG] Disconnecting temporarily to enter play mode.
2019-10-19 04:51:58.9487 [DEBUG] Disconnecting from room (106476:SceneFusion:SceneFusion)
2019-10-19 04:51:58.9570 [INFO] Disconnected from server.
2019-10-19 04:51:58.9572 [DEBUG] Disconnect. (Duration: -78)
2019-10-19 04:51:58.9860 [INFO] Static batching in play mode is not supported in a Scene Fusion session and will be temporarily disabled.
2019-10-19 04:52:01.9783 [DEBUG] Scene Fusion version 1.8.5-0
2019-10-19 04:52:02.1349 [DEBUG] Play mode: True, sync in play mode: False
2019-10-19 04:52:02.3335 [DEBUG] Connecting to room (106476:SceneFusion:SceneFusion) via TCP at roommanager-ec2-35-164-71-216.kinematicsoup.com:21312
2019-10-19 04:52:02.3411 [DEBUG] Host connection. (Session: 106476)
2019-10-19 04:52:02.4249 [DEBUG] Validating model...
2019-10-19 04:52:02.5102 [DEBUG] Model updated
2019-10-19 04:52:02.5105 [DEBUG] Authenticating with server...
2019-10-19 04:52:02.6186 [DEBUG] Connected to room. (106476:SceneFusion:SceneFusion)
2019-10-19 04:52:02.6296 [INFO] Connected to server.
2019-10-19 04:52:02.6300 [DEBUG] OS : Unix 18.7.0.0
2019-10-19 04:52:02.6301 [DEBUG] Unity Version : 2018.4.11f1
2019-10-19 04:52:02.6303 [DEBUG] Pro License : False
2019-10-19 04:52:02.6304 [DEBUG] Platform : OSXEditor
2019-10-19 04:52:02.6305 [DEBUG] Build Target : iOS
2019-10-19 04:52:02.6306 [DEBUG] Scene Fusion version : 1.8.5
2019-10-19 04:52:02.6307 [DEBUG] Scene Fusion client build : 0
2019-10-19 04:52:02.6308 [DEBUG] User : g9brar@edu.uwaterloo.ca
2019-10-19 04:52:02.7357 [DEBUG] Tier: Free, Permissions: 00000200
2019-10-19 04:52:02.7358 [DEBUG] User Permissions: FFFFFFFF
2019-10-19 04:52:02.8136 [DEBUG] No stand-in for UnityEngine.LocalizationAsset
2019-10-19 04:52:02.8138 [DEBUG] No stand-in for UnityEngine.ProceduralMaterial
2019-10-19 04:52:02.8138 [DEBUG] No stand-in for UnityEngine.ProceduralTexture
2019-10-19 04:52:02.8139 [DEBUG] No stand-in for UnityEngine.TerrainLayer
2019-10-19 04:52:02.8140 [DEBUG] No stand-in for UnityEngine.Experimental.VFX.VisualEffectAsset
2019-10-19 04:52:08.5813 [DEBUG] Play mode: False
2019-10-19 04:52:08.7222 [DEBUG] Loading complete
2019-10-19 04:52:33.3727 [DEBUG] Disconnecting temporarily to enter play mode.
2019-10-19 04:52:33.3733 [DEBUG] Disconnecting from room (106476:SceneFusion:SceneFusion)
2019-10-19 04:52:33.3859 [INFO] Disconnected from server.
2019-10-19 04:52:33.3860 [DEBUG] Disconnect. (Duration: -113)
2019-10-19 04:52:33.4141 [INFO] Static batching in play mode is not supported in a Scene Fusion session and will be temporarily disabled.
2019-10-19 04:52:36.3941 [DEBUG] Scene Fusion version 1.8.5-0
2019-10-19 04:52:36.5664 [DEBUG] Play mode: True, sync in play mode: False
2019-10-19 04:52:36.7675 [DEBUG] Connecting to room (106476:SceneFusion:SceneFusion) via TCP at roommanager-ec2-35-164-71-216.kinematicsoup.com:21312
2019-10-19 04:52:36.7735 [DEBUG] Host connection. (Session: 106476)
2019-10-19 04:52:36.8556 [DEBUG] Validating model...
2019-10-19 04:52:36.9523 [DEBUG] Model updated
2019-10-19 04:52:36.9527 [DEBUG] Authenticating with server...
2019-10-19 04:52:37.0706 [DEBUG] Connected to room. (106476:SceneFusion:SceneFusion)
2019-10-19 04:52:37.0794 [INFO] Connected to server.
2019-10-19 04:52:37.0800 [DEBUG] OS : Unix 18.7.0.0
2019-10-19 04:52:37.0801 [DEBUG] Unity Version : 2018.4.11f1
2019-10-19 04:52:37.0803 [DEBUG] Pro License : False
2019-10-19 04:52:37.0804 [DEBUG] Platform : OSXEditor
2019-10-19 04:52:37.0805 [DEBUG] Build Target : iOS
2019-10-19 04:52:37.0806 [DEBUG] Scene Fusion version : 1.8.5
2019-10-19 04:52:37.0807 [DEBUG] Scene Fusion client build : 0
2019-10-19 04:52:37.0808 [DEBUG] User : g9brar@edu.uwaterloo.ca
2019-10-19 04:52:37.1863 [DEBUG] Tier: Free, Permissions: 00000200
2019-10-19 04:52:37.1864 [DEBUG] User Permissions: FFFFFFFF
2019-10-19 04:52:37.2646 [DEBUG] No stand-in for UnityEngine.LocalizationAsset
2019-10-19 04:52:37.2647 [DEBUG] No stand-in for UnityEngine.ProceduralMaterial
2019-10-19 04:52:37.2648 [DEBUG] No stand-in for UnityEngine.ProceduralTexture
2019-10-19 04:52:37.2649 [DEBUG] No stand-in for UnityEngine.TerrainLayer
2019-10-19 04:52:37.2649 [DEBUG] No stand-in for UnityEngine.Experimental.VFX.VisualEffectAsset
2019-10-19 04:52:46.0750 [DEBUG] Play mode: False
2019-10-19 04:52:46.2213 [DEBUG] Loading complete
2019-10-19 04:52:53.1268 [DEBUG] Disconnecting temporarily to enter play mode.
2019-10-19 04:52:53.1274 [DEBUG] Disconnecting from room (106476:SceneFusion:SceneFusion)
2019-10-19 04:52:53.1434 [INFO] Disconnected from server.
2019-10-19 04:52:53.1436 [DEBUG] Disconnect. (Duration: -130)
2019-10-19 04:52:53.1723 [INFO] Static batching in play mode is not supported in a Scene Fusion session and will be temporarily disabled.
2019-10-19 04:52:56.1889 [DEBUG] Scene Fusion version 1.8.5-0
2019-10-19 04:52:56.3481 [DEBUG] Play mode: True, sync in play mode: False
2019-10-19 04:52:56.5393 [DEBUG] Connecting to room (106476:SceneFusion:SceneFusion) via TCP at roommanager-ec2-35-164-71-216.kinematicsoup.com:21312
2019-10-19 04:52:56.5453 [DEBUG] Host connection. (Session: 106476)
2019-10-19 04:52:56.6288 [DEBUG] Validating model...
2019-10-19 04:52:56.7138 [DEBUG] Model updated
2019-10-19 04:52:56.7142 [DEBUG] Authenticating with server...
2019-10-19 04:52:56.8406 [DEBUG] Connected to room. (106476:SceneFusion:SceneFusion)
2019-10-19 04:52:56.8484 [INFO] Connected to server.
2019-10-19 04:52:56.8489 [DEBUG] OS : Unix 18.7.0.0
2019-10-19 04:52:56.8490 [DEBUG] Unity Version : 2018.4.11f1
2019-10-19 04:52:56.8492 [DEBUG] Pro License : False
2019-10-19 04:52:56.8494 [DEBUG] Platform : OSXEditor
2019-10-19 04:52:56.8495 [DEBUG] Build Target : iOS
2019-10-19 04:52:56.8496 [DEBUG] Scene Fusion version : 1.8.5
2019-10-19 04:52:56.8497 [DEBUG] Scene Fusion client build : 0
2019-10-19 04:52:56.8498 [DEBUG] User : g9brar@edu.uwaterloo.ca
2019-10-19 04:52:56.9680 [DEBUG] Tier: Free, Permissions: 00000200
2019-10-19 04:52:56.9681 [DEBUG] User Permissions: FFFFFFFF
2019-10-19 04:52:57.0441 [DEBUG] No stand-in for UnityEngine.LocalizationAsset
2019-10-19 04:52:57.0443 [DEBUG] No stand-in for UnityEngine.ProceduralMaterial
2019-10-19 04:52:57.0444 [DEBUG] No stand-in for UnityEngine.ProceduralTexture
2019-10-19 04:52:57.0444 [DEBUG] No stand-in for UnityEngine.TerrainLayer
2019-10-19 04:52:57.0445 [DEBUG] No stand-in for UnityEngine.Experimental.VFX.VisualEffectAsset
2019-10-19 04:53:03.5843 [DEBUG] Play mode: False
2019-10-19 04:53:03.7296 [DEBUG] Loading complete
2019-10-19 04:56:55.1025 [DEBUG] Disconnecting temporarily to recompile.
2019-10-19 04:56:55.1034 [DEBUG] Disconnecting from room (106476:SceneFusion:SceneFusion)
2019-10-19 04:56:55.1225 [INFO] Disconnected from server.
2019-10-19 04:56:55.1227 [DEBUG] Disconnect. (Duration: 94)
2019-10-19 04:57:03.1605 [DEBUG] Scene Fusion version 1.8.5-0
2019-10-19 04:57:04.0972 [DEBUG] Connecting
2019-10-19 04:57:04.1372 [DEBUG] Connecting to room (106476:SceneFusion:SceneFusion) via TCP at roommanager-ec2-35-164-71-216.kinematicsoup.com:21312
2019-10-19 04:57:04.1995 [DEBUG] Host connection. (Session: 106476)
2019-10-19 04:57:04.2811 [DEBUG] Validating model...
2019-10-19 04:57:04.3654 [DEBUG] Model updated
2019-10-19 04:57:04.3657 [DEBUG] Authenticating with server...
2019-10-19 04:57:04.4897 [DEBUG] Connected to room. (106476:SceneFusion:SceneFusion)
2019-10-19 04:57:04.6102 [INFO] Connected to server.
2019-10-19 04:57:04.6106 [DEBUG] OS : Unix 18.7.0.0
2019-10-19 04:57:04.6107 [DEBUG] Unity Version : 2018.4.11f1
2019-10-19 04:57:04.6108 [DEBUG] Pro License : False
2019-10-19 04:57:04.6110 [DEBUG] Platform : OSXEditor
2019-10-19 04:57:04.6111 [DEBUG] Build Target : iOS
2019-10-19 04:57:04.6111 [DEBUG] Scene Fusion version : 1.8.5
2019-10-19 04:57:04.6112 [DEBUG] Scene Fusion client build : 0
2019-10-19 04:57:04.6113 [DEBUG] User : g9brar@edu.uwaterloo.ca
2019-10-19 04:57:04.6113 [DEBUG] Waiting for server response
2019-10-19 04:57:04.6469 [DEBUG] Tier: Free, Permissions: 00000200
2019-10-19 04:57:04.6470 [DEBUG] User Permissions: FFFFFFFF
2019-10-19 04:57:04.7470 [DEBUG] No stand-in for UnityEngine.LocalizationAsset
2019-10-19 04:57:04.7471 [DEBUG] No stand-in for UnityEngine.ProceduralMaterial
2019-10-19 04:57:04.7472 [DEBUG] No stand-in for UnityEngine.ProceduralTexture
2019-10-19 04:57:04.7473 [DEBUG] No stand-in for UnityEngine.TerrainLayer
2019-10-19 04:57:04.7474 [DEBUG] No stand-in for UnityEngine.Experimental.VFX.VisualEffectAsset
2019-10-19 04:57:05.0480 [DEBUG] Loading complete
2019-10-19 04:57:18.6370 [DEBUG] Disconnecting temporarily to recompile.
2019-10-19 04:57:18.6377 [DEBUG] Disconnecting from room (106476:SceneFusion:SceneFusion)
2019-10-19 04:57:18.6471 [INFO] Disconnected from server.
2019-10-19 04:57:18.6473 [DEBUG] Disconnect. (Duration: 118)
2019-10-19 04:57:19.6050 [ERROR] NullReferenceException: Object reference not set to an instance of an object
UnityEditor.GameObjectInspector.ClearPreviewCache () (at /Users/builduser/buildslave/unity/build/Editor/Mono/Inspector/GameObjectInspector.cs:209)
UnityEditor.GameObjectInspector.OnDisable () (at /Users/builduser/buildslave/unity/build/Editor/Mono/Inspector/GameObjectInspector.cs:197)

2019-10-19 04:57:19.6196 [ERROR] NullReferenceException: Object reference not set to an instance of an object
UnityEditor.GameObjectInspector.ClearPreviewCache () (at /Users/builduser/buildslave/unity/build/Editor/Mono/Inspector/GameObjectInspector.cs:209)
UnityEditor.GameObjectInspector.OnDisable () (at /Users/builduser/buildslave/unity/build/Editor/Mono/Inspector/GameObjectInspector.cs:197)

2019-10-19 04:57:19.6211 [ERROR] NullReferenceException: Object reference not set to an instance of an object
UnityEditor.GameObjectInspector.ClearPreviewCache () (at /Users/builduser/buildslave/unity/build/Editor/Mono/Inspector/GameObjectInspector.cs:209)
UnityEditor.GameObjectInspector.OnDisable () (at /Users/builduser/buildslave/unity/build/Editor/Mono/Inspector/GameObjectInspector.cs:197)

2019-10-19 04:57:19.6235 [ERROR] NullReferenceException: Object reference not set to an instance of an object
UnityEditor.GameObjectInspector.ClearPreviewCache () (at /Users/builduser/buildslave/unity/build/Editor/Mono/Inspector/GameObjectInspector.cs:209)
UnityEditor.GameObjectInspector.OnDisable () (at /Users/builduser/buildslave/unity/build/Editor/Mono/Inspector/GameObjectInspector.cs:197)

2019-10-19 04:57:19.6250 [ERROR] NullReferenceException: Object reference not set to an instance of an object
UnityEditor.GameObjectInspector.ClearPreviewCache () (at /Users/builduser/buildslave/unity/build/Editor/Mono/Inspector/GameObjectInspector.cs:209)
UnityEditor.GameObjectInspector.OnDisable () (at /Users/builduser/buildslave/unity/build/Editor/Mono/Inspector/GameObjectInspector.cs:197)

2019-10-19 04:57:19.6264 [ERROR] NullReferenceException: Object reference not set to an instance of an object
UnityEditor.GameObjectInspector.ClearPreviewCache () (at /Users/builduser/buildslave/unity/build/Editor/Mono/Inspector/GameObjectInspector.cs:209)
UnityEditor.GameObjectInspector.OnDisable () (at /Users/builduser/buildslave/unity/build/Editor/Mono/Inspector/GameObjectInspector.cs:197)

2019-10-19 04:57:19.6283 [ERROR] NullReferenceException: Object reference not set to an instance of an object
UnityEditor.GameObjectInspector.ClearPreviewCache () (at /Users/builduser/buildslave/unity/build/Editor/Mono/Inspector/GameObjectInspector.cs:209)
UnityEditor.GameObjectInspector.OnDisable () (at /Users/builduser/buildslave/unity/build/Editor/Mono/Inspector/GameObjectInspector.cs:197)

2019-10-19 04:57:21.7585 [DEBUG] Scene Fusion version 1.8.5-0
2019-10-19 04:57:22.3927 [INFO] Component ':TextTimer' is different from the server because of your change. Components of this type will not sync.
2019-10-19 04:57:22.3951 [WARNING] Property changes detected after recompile.
2019-10-19 04:57:22.5547 [DEBUG] Connecting
2019-10-19 04:57:22.5977 [DEBUG] Connecting to room (106476:SceneFusion:SceneFusion) via TCP at roommanager-ec2-35-164-71-216.kinematicsoup.com:21312
2019-10-19 04:57:22.6036 [DEBUG] Host connection. (Session: 106476)
2019-10-19 04:57:22.6910 [DEBUG] Validating model...
2019-10-19 04:57:22.7777 [DEBUG] Model updated
2019-10-19 04:57:22.7785 [DEBUG] Authenticating with server...
2019-10-19 04:57:22.8947 [DEBUG] Connected to room. (106476:SceneFusion:SceneFusion)
2019-10-19 04:57:22.9024 [INFO] Connected to server.
2019-10-19 04:57:22.9028 [DEBUG] OS : Unix 18.7.0.0
2019-10-19 04:57:22.9029 [DEBUG] Unity Version : 2018.4.11f1
2019-10-19 04:57:22.9031 [DEBUG] Pro License : False
2019-10-19 04:57:22.9032 [DEBUG] Platform : OSXEditor
2019-10-19 04:57:22.9033 [DEBUG] Build Target : iOS
2019-10-19 04:57:22.9034 [DEBUG] Scene Fusion version : 1.8.5
2019-10-19 04:57:22.9035 [DEBUG] Scene Fusion client build : 0
2019-10-19 04:57:22.9036 [DEBUG] User : g9brar@edu.uwaterloo.ca
2019-10-19 04:57:22.9036 [DEBUG] Waiting for server response
2019-10-19 04:57:23.0176 [DEBUG] Tier: Free, Permissions: 00000200
2019-10-19 04:57:23.0177 [DEBUG] User Permissions: FFFFFFFF
2019-10-19 04:57:23.1518 [DEBUG] No stand-in for UnityEngine.LocalizationAsset
2019-10-19 04:57:23.1520 [DEBUG] No stand-in for UnityEngine.ProceduralMaterial
2019-10-19 04:57:23.1521 [DEBUG] No stand-in for UnityEngine.ProceduralTexture
2019-10-19 04:57:23.1522 [DEBUG] No stand-in for UnityEngine.TerrainLayer
2019-10-19 04:57:23.1523 [DEBUG] No stand-in for UnityEngine.Experimental.VFX.VisualEffectAsset
2019-10-19 04:57:23.3893 [DEBUG] Loading complete
2019-10-19 04:57:55.3273 [DEBUG] Disconnecting temporarily to enter play mode.
2019-10-19 04:57:55.3279 [DEBUG] Disconnecting from room (106476:SceneFusion:SceneFusion)
2019-10-19 04:57:55.3486 [INFO] Disconnected from server.
2019-10-19 04:57:55.3491 [DEBUG] Disconnect. (Duration: 154)
2019-10-19 04:57:55.3776 [INFO] Static batching in play mode is not supported in a Scene Fusion session and will be temporarily disabled.
2019-10-19 04:57:55.4212 [ERROR] NullReferenceException: Object reference not set to an instance of an object
UnityEditor.GameObjectInspector.ClearPreviewCache () (at /Users/builduser/buildslave/unity/build/Editor/Mono/Inspector/GameObjectInspector.cs:209)
UnityEditor.GameObjectInspector.OnDisable () (at /Users/builduser/buildslave/unity/build/Editor/Mono/Inspector/GameObjectInspector.cs:197)

2019-10-19 04:57:55.4307 [ERROR] NullReferenceException: Object reference not set to an instance of an object
UnityEditor.GameObjectInspector.ClearPreviewCache () (at /Users/builduser/buildslave/unity/build/Editor/Mono/Inspector/GameObjectInspector.cs:209)
UnityEditor.GameObjectInspector.OnDisable () (at /Users/builduser/buildslave/unity/build/Editor/Mono/Inspector/GameObjectInspector.cs:197)

2019-10-19 04:57:55.4319 [ERROR] NullReferenceException: Object reference not set to an instance of an object
UnityEditor.GameObjectInspector.ClearPreviewCache () (at /Users/builduser/buildslave/unity/build/Editor/Mono/Inspector/GameObjectInspector.cs:209)
UnityEditor.GameObjectInspector.OnDisable () (at /Users/builduser/buildslave/unity/build/Editor/Mono/Inspector/GameObjectInspector.cs:197)

2019-10-19 04:57:55.4333 [ERROR] NullReferenceException: Object reference not set to an instance of an object
UnityEditor.GameObjectInspector.ClearPreviewCache () (at /Users/builduser/buildslave/unity/build/Editor/Mono/Inspector/GameObjectInspector.cs:209)
UnityEditor.GameObjectInspector.OnDisable () (at /Users/builduser/buildslave/unity/build/Editor/Mono/Inspector/GameObjectInspector.cs:197)

2019-10-19 04:57:55.4345 [ERROR] NullReferenceException: Object reference not set to an instance of an object
UnityEditor.GameObjectInspector.ClearPreviewCache () (at /Users/builduser/buildslave/unity/build/Editor/Mono/Inspector/GameObjectInspector.cs:209)
UnityEditor.GameObjectInspector.OnDisable () (at /Users/builduser/buildslave/unity/build/Editor/Mono/Inspector/GameObjectInspector.cs:197)

2019-10-19 04:57:55.4358 [ERROR] NullReferenceException: Object reference not set to an instance of an object
UnityEditor.GameObjectInspector.ClearPreviewCache () (at /Users/builduser/buildslave/unity/build/Editor/Mono/Inspector/GameObjectInspector.cs:209)
UnityEditor.GameObjectInspector.OnDisable () (at /Users/builduser/buildslave/unity/build/Editor/Mono/Inspector/GameObjectInspector.cs:197)

2019-10-19 04:57:55.4375 [ERROR] NullReferenceException: Object reference not set to an instance of an object
UnityEditor.GameObjectInspector.ClearPreviewCache () (at /Users/builduser/buildslave/unity/build/Editor/Mono/Inspector/GameObjectInspector.cs:209)
UnityEditor.GameObjectInspector.OnDisable () (at /Users/builduser/buildslave/unity/build/Editor/Mono/Inspector/GameObjectInspector.cs:197)

2019-10-19 04:57:58.3653 [DEBUG] Scene Fusion version 1.8.5-0
2019-10-19 04:57:58.5277 [DEBUG] Play mode: True, sync in play mode: False
2019-10-19 04:57:58.7170 [DEBUG] Connecting to room (106476:SceneFusion:SceneFusion) via TCP at roommanager-ec2-35-164-71-216.kinematicsoup.com:21312
2019-10-19 04:57:58.7267 [DEBUG] Host connection. (Session: 106476)
2019-10-19 04:57:58.8115 [DEBUG] Validating model...
2019-10-19 04:57:58.8973 [DEBUG] Model updated
2019-10-19 04:57:58.8976 [DEBUG] Authenticating with server...
2019-10-19 04:57:59.0179 [DEBUG] Connected to room. (106476:SceneFusion:SceneFusion)
2019-10-19 04:57:59.0261 [INFO] Connected to server.
2019-10-19 04:57:59.0266 [DEBUG] OS : Unix 18.7.0.0
2019-10-19 04:57:59.0267 [DEBUG] Unity Version : 2018.4.11f1
2019-10-19 04:57:59.0269 [DEBUG] Pro License : False
2019-10-19 04:57:59.0271 [DEBUG] Platform : OSXEditor
2019-10-19 04:57:59.0272 [DEBUG] Build Target : iOS
2019-10-19 04:57:59.0273 [DEBUG] Scene Fusion version : 1.8.5
2019-10-19 04:57:59.0274 [DEBUG] Scene Fusion client build : 0
2019-10-19 04:57:59.0276 [DEBUG] User : g9brar@edu.uwaterloo.ca
2019-10-19 04:57:59.1554 [DEBUG] Tier: Free, Permissions: 00000200
2019-10-19 04:57:59.1556 [DEBUG] User Permissions: FFFFFFFF
2019-10-19 04:57:59.2236 [DEBUG] No stand-in for UnityEngine.LocalizationAsset
2019-10-19 04:57:59.2238 [DEBUG] No stand-in for UnityEngine.ProceduralMaterial
2019-10-19 04:57:59.2239 [DEBUG] No stand-in for UnityEngine.ProceduralTexture
2019-10-19 04:57:59.2239 [DEBUG] No stand-in for UnityEngine.TerrainLayer
2019-10-19 04:57:59.2240 [DEBUG] No stand-in for UnityEngine.Experimental.VFX.VisualEffectAsset
2019-10-19 04:58:07.1068 [DEBUG] Play mode: False
2019-10-19 04:58:07.2439 [DEBUG] Loading complete
2019-10-19 05:01:10.2718 [DEBUG] Disconnecting temporarily to enter play mode.
2019-10-19 05:01:10.2725 [DEBUG] Disconnecting from room (106476:SceneFusion:SceneFusion)
2019-10-19 05:01:10.2876 [INFO] Disconnected from server.
2019-10-19 05:01:10.2878 [DEBUG] Disconnect. (Duration: 45)
2019-10-19 05:01:10.3187 [INFO] Static batching in play mode is not supported in a Scene Fusion session and will be temporarily disabled.
2019-10-19 05:01:12.6285 [DEBUG] Scene Fusion version 1.8.5-0
2019-10-19 05:01:12.8310 [DEBUG] Play mode: True, sync in play mode: False
2019-10-19 05:01:13.0219 [DEBUG] Connecting to room (106476:SceneFusion:SceneFusion) via TCP at roommanager-ec2-35-164-71-216.kinematicsoup.com:21312
2019-10-19 05:01:13.0276 [DEBUG] Host connection. (Session: 106476)
2019-10-19 05:01:13.1069 [DEBUG] Validating model...
2019-10-19 05:01:13.1926 [DEBUG] Model updated
2019-10-19 05:01:13.1934 [DEBUG] Authenticating with server...
2019-10-19 05:01:13.3173 [DEBUG] Connected to room. (106476:SceneFusion:SceneFusion)
2019-10-19 05:01:13.3232 [INFO] Connected to server.
2019-10-19 05:01:13.3237 [DEBUG] OS : Unix 18.7.0.0
2019-10-19 05:01:13.3238 [DEBUG] Unity Version : 2018.4.11f1
2019-10-19 05:01:13.3240 [DEBUG] Pro License : False
2019-10-19 05:01:13.3241 [DEBUG] Platform : OSXEditor
2019-10-19 05:01:13.3242 [DEBUG] Build Target : iOS
2019-10-19 05:01:13.3243 [DEBUG] Scene Fusion version : 1.8.5
2019-10-19 05:01:13.3244 [DEBUG] Scene Fusion client build : 0
2019-10-19 05:01:13.3245 [DEBUG] User : g9brar@edu.uwaterloo.ca
2019-10-19 05:01:13.4622 [DEBUG] Tier: Free, Permissions: 00000200
2019-10-19 05:01:13.4623 [DEBUG] User Permissions: FFFFFFFF
2019-10-19 05:01:13.5485 [DEBUG] No stand-in for UnityEngine.LocalizationAsset
2019-10-19 05:01:13.5486 [DEBUG] No stand-in for UnityEngine.ProceduralMaterial
2019-10-19 05:01:13.5487 [DEBUG] No stand-in for UnityEngine.ProceduralTexture
2019-10-19 05:01:13.5488 [DEBUG] No stand-in for UnityEngine.TerrainLayer
2019-10-19 05:01:13.5489 [DEBUG] No stand-in for UnityEngine.Experimental.VFX.VisualEffectAsset
2019-10-19 05:01:28.2856 [DEBUG] Play mode: False
2019-10-19 05:01:28.4238 [DEBUG] Loading complete
2019-10-19 05:01:29.7843 [DEBUG] Disconnecting temporarily to enter play mode.
2019-10-19 05:01:29.7851 [DEBUG] Disconnecting from room (106476:SceneFusion:SceneFusion)
2019-10-19 05:01:29.7966 [INFO] Disconnected from server.
2019-10-19 05:01:29.7970 [DEBUG] Disconnect. (Duration: -136)
2019-10-19 05:01:29.8257 [INFO] Static batching in play mode is not supported in a Scene Fusion session and will be temporarily disabled.
2019-10-19 05:01:32.1471 [DEBUG] Scene Fusion version 1.8.5-0
2019-10-19 05:01:32.5179 [DEBUG] Connecting to room (106476:SceneFusion:SceneFusion) via TCP at roommanager-ec2-35-164-71-216.kinematicsoup.com:21312
2019-10-19 05:01:32.5238 [DEBUG] Host connection. (Session: 106476)
2019-10-19 05:01:32.5241 [DEBUG] Play mode: True, sync in play mode: False
2019-10-19 05:01:32.6046 [DEBUG] Validating model...
2019-10-19 05:01:32.6884 [DEBUG] Model updated
2019-10-19 05:01:32.6888 [DEBUG] Authenticating with server...
2019-10-19 05:01:32.8103 [DEBUG] Connected to room. (106476:SceneFusion:SceneFusion)
2019-10-19 05:01:32.8154 [INFO] Connected to server.
2019-10-19 05:01:32.8160 [DEBUG] OS : Unix 18.7.0.0
2019-10-19 05:01:32.8161 [DEBUG] Unity Version : 2018.4.11f1
2019-10-19 05:01:32.8163 [DEBUG] Pro License : False
2019-10-19 05:01:32.8165 [DEBUG] Platform : OSXEditor
2019-10-19 05:01:32.8166 [DEBUG] Build Target : iOS
2019-10-19 05:01:32.8167 [DEBUG] Scene Fusion version : 1.8.5
2019-10-19 05:01:32.8167 [DEBUG] Scene Fusion client build : 0
2019-10-19 05:01:32.8169 [DEBUG] User : g9brar@edu.uwaterloo.ca
2019-10-19 05:01:32.9722 [DEBUG] Tier: Free, Permissions: 00000200
2019-10-19 05:01:32.9723 [DEBUG] User Permissions: FFFFFFFF
2019-10-19 05:01:33.0664 [DEBUG] No stand-in for UnityEngine.LocalizationAsset
2019-10-19 05:01:33.0666 [DEBUG] No stand-in for UnityEngine.ProceduralMaterial
2019-10-19 05:01:33.0666 [DEBUG] No stand-in for UnityEngine.ProceduralTexture
2019-10-19 05:01:33.0667 [DEBUG] No stand-in for UnityEngine.TerrainLayer
2019-10-19 05:01:33.0668 [DEBUG] No stand-in for UnityEngine.Experimental.VFX.VisualEffectAsset
2019-10-19 05:01:43.3533 [DEBUG] Play mode: False
2019-10-19 05:01:43.4836 [DEBUG] Loading complete
2019-10-19 05:01:43.9871 [DEBUG] Disconnecting temporarily to enter play mode.
2019-10-19 05:01:43.9881 [DEBUG] Disconnecting from room (106476:SceneFusion:SceneFusion)
2019-10-19 05:01:43.9988 [INFO] Disconnected from server.
2019-10-19 05:01:43.9990 [DEBUG] Disconnect. (Duration: -137)
2019-10-19 05:01:44.0285 [INFO] Static batching in play mode is not supported in a Scene Fusion session and will be temporarily disabled.
2019-10-19 05:01:46.2838 [DEBUG] Scene Fusion version 1.8.5-0
2019-10-19 05:01:46.6821 [DEBUG] Connecting to room (106476:SceneFusion:SceneFusion) via TCP at roommanager-ec2-35-164-71-216.kinematicsoup.com:21312
2019-10-19 05:01:46.6879 [DEBUG] Host connection. (Session: 106476)
2019-10-19 05:01:46.6881 [DEBUG] Play mode: True, sync in play mode: False
2019-10-19 05:01:46.7690 [DEBUG] Validating model...
2019-10-19 05:01:46.8544 [DEBUG] Model updated
2019-10-19 05:01:46.8549 [DEBUG] Authenticating with server...
2019-10-19 05:01:46.9786 [DEBUG] Connected to room. (106476:SceneFusion:SceneFusion)
2019-10-19 05:01:46.9914 [INFO] Connected to server.
2019-10-19 05:01:46.9919 [DEBUG] OS : Unix 18.7.0.0
2019-10-19 05:01:46.9920 [DEBUG] Unity Version : 2018.4.11f1
2019-10-19 05:01:46.9921 [DEBUG] Pro License : False
2019-10-19 05:01:46.9923 [DEBUG] Platform : OSXEditor
2019-10-19 05:01:46.9924 [DEBUG] Build Target : iOS
2019-10-19 05:01:46.9924 [DEBUG] Scene Fusion version : 1.8.5
2019-10-19 05:01:46.9925 [DEBUG] Scene Fusion client build : 0
2019-10-19 05:01:46.9926 [DEBUG] User : g9brar@edu.uwaterloo.ca
2019-10-19 05:01:47.1483 [DEBUG] Tier: Free, Permissions: 00000200
2019-10-19 05:01:47.1484 [DEBUG] User Permissions: FFFFFFFF
2019-10-19 05:01:47.2274 [DEBUG] No stand-in for UnityEngine.LocalizationAsset
2019-10-19 05:01:47.2276 [DEBUG] No stand-in for UnityEngine.ProceduralMaterial
2019-10-19 05:01:47.2277 [DEBUG] No stand-in for UnityEngine.ProceduralTexture
2019-10-19 05:01:47.2278 [DEBUG] No stand-in for UnityEngine.TerrainLayer
2019-10-19 05:01:47.2279 [DEBUG] No stand-in for UnityEngine.Experimental.VFX.VisualEffectAsset
2019-10-19 05:02:30.4473 [DEBUG] Play mode: False
2019-10-19 05:02:30.5814 [DEBUG] Loading complete
2019-10-19 05:03:25.0461 [DEBUG] Spawn request. (Objects: 1)
2019-10-19 05:06:03.4198 [DEBUG] Disconnecting temporarily to enter play mode.
2019-10-19 05:06:03.4204 [DEBUG] Disconnecting from room (106476:SceneFusion:SceneFusion)
2019-10-19 05:06:03.4271 [INFO] Disconnected from server.
2019-10-19 05:06:03.4273 [DEBUG] Disconnect. (Duration: 75)
2019-10-19 05:06:03.4590 [INFO] Static batching in play mode is not supported in a Scene Fusion session and will be temporarily disabled.
2019-10-19 05:06:06.4987 [DEBUG] Scene Fusion version 1.8.5-0
2019-10-19 05:06:06.6541 [DEBUG] Play mode: True, sync in play mode: False
2019-10-19 05:06:06.8436 [DEBUG] Connecting to room (106476:SceneFusion:SceneFusion) via TCP at roommanager-ec2-35-164-71-216.kinematicsoup.com:21312
2019-10-19 05:06:06.8871 [DEBUG] Host connection. (Session: 106476)
2019-10-19 05:06:06.9665 [DEBUG] Validating model...
2019-10-19 05:06:07.0507 [DEBUG] Model updated
2019-10-19 05:06:07.0511 [DEBUG] Authenticating with server...
2019-10-19 05:06:07.1733 [DEBUG] Connected to room. (106476:SceneFusion:SceneFusion)
2019-10-19 05:06:07.1992 [INFO] Connected to server.
2019-10-19 05:06:07.1996 [DEBUG] OS : Unix 18.7.0.0
2019-10-19 05:06:07.1997 [DEBUG] Unity Version : 2018.4.11f1
2019-10-19 05:06:07.1999 [DEBUG] Pro License : False
2019-10-19 05:06:07.2000 [DEBUG] Platform : OSXEditor
2019-10-19 05:06:07.2001 [DEBUG] Build Target : iOS
2019-10-19 05:06:07.2001 [DEBUG] Scene Fusion version : 1.8.5
2019-10-19 05:06:07.2002 [DEBUG] Scene Fusion client build : 0
2019-10-19 05:06:07.2003 [DEBUG] User : g9brar@edu.uwaterloo.ca
2019-10-19 05:06:07.2749 [DEBUG] Tier: Free, Permissions: 00000200
2019-10-19 05:06:07.2750 [DEBUG] User Permissions: FFFFFFFF
2019-10-19 05:06:07.3525 [DEBUG] No stand-in for UnityEngine.LocalizationAsset
2019-10-19 05:06:07.3526 [DEBUG] No stand-in for UnityEngine.ProceduralMaterial
2019-10-19 05:06:07.3527 [DEBUG] No stand-in for UnityEngine.ProceduralTexture
2019-10-19 05:06:07.3528 [DEBUG] No stand-in for UnityEngine.TerrainLayer
2019-10-19 05:06:07.3528 [DEBUG] No stand-in for UnityEngine.Experimental.VFX.VisualEffectAsset
2019-10-19 05:06:15.0907 [DEBUG] Play mode: False
2019-10-19 05:06:15.2327 [DEBUG] Loading complete
2019-10-19 05:06:38.6053 [DEBUG] Disconnecting temporarily to enter play mode.
2019-10-19 05:06:38.6060 [DEBUG] Disconnecting from room (106476:SceneFusion:SceneFusion)
2019-10-19 05:06:38.6125 [INFO] Disconnected from server.
2019-10-19 05:06:38.6127 [DEBUG] Disconnect. (Duration: -114)
2019-10-19 05:06:38.6410 [INFO] Static batching in play mode is not supported in a Scene Fusion session and will be temporarily disabled.
2019-10-19 05:06:41.6151 [DEBUG] Scene Fusion version 1.8.5-0
2019-10-19 05:06:41.7802 [DEBUG] Play mode: True, sync in play mode: False
2019-10-19 05:06:41.9686 [DEBUG] Connecting to room (106476:SceneFusion:SceneFusion) via TCP at roommanager-ec2-35-164-71-216.kinematicsoup.com:21312
2019-10-19 05:06:42.0096 [DEBUG] Host connection. (Session: 106476)
2019-10-19 05:06:42.0911 [DEBUG] Validating model...
2019-10-19 05:06:42.1790 [DEBUG] Model updated
2019-10-19 05:06:42.1802 [DEBUG] Authenticating with server...
2019-10-19 05:06:42.3054 [DEBUG] Connected to room. (106476:SceneFusion:SceneFusion)
2019-10-19 05:06:42.3190 [INFO] Connected to server.
2019-10-19 05:06:42.3194 [DEBUG] OS : Unix 18.7.0.0
2019-10-19 05:06:42.3195 [DEBUG] Unity Version : 2018.4.11f1
2019-10-19 05:06:42.3197 [DEBUG] Pro License : False
2019-10-19 05:06:42.3199 [DEBUG] Platform : OSXEditor
2019-10-19 05:06:42.3200 [DEBUG] Build Target : iOS
2019-10-19 05:06:42.3201 [DEBUG] Scene Fusion version : 1.8.5
2019-10-19 05:06:42.3202 [DEBUG] Scene Fusion client build : 0
2019-10-19 05:06:42.3202 [DEBUG] User : g9brar@edu.uwaterloo.ca
2019-10-19 05:06:42.4977 [DEBUG] Tier: Free, Permissions: 00000200
2019-10-19 05:06:42.4978 [DEBUG] User Permissions: FFFFFFFF
2019-10-19 05:06:42.5814 [DEBUG] No stand-in for UnityEngine.LocalizationAsset
2019-10-19 05:06:42.5816 [DEBUG] No stand-in for UnityEngine.ProceduralMaterial
2019-10-19 05:06:42.5816 [DEBUG] No stand-in for UnityEngine.ProceduralTexture
2019-10-19 05:06:42.5817 [DEBUG] No stand-in for UnityEngine.TerrainLayer
2019-10-19 05:06:42.5818 [DEBUG] No stand-in for UnityEngine.Experimental.VFX.VisualEffectAsset
2019-10-19 05:06:51.8172 [DEBUG] Play mode: False
2019-10-19 05:06:51.9565 [DEBUG] Loading complete
2019-10-19 05:16:44.1075 [DEBUG] Disconnecting from room (106476:SceneFusion:SceneFusion)
2019-10-19 05:16:44.1129 [INFO] Disconnected from server.
2019-10-19 05:16:44.1131 [DEBUG] Disconnect. (Duration: -133)
