2019-10-19 00:09:45.7420 [DEBUG] Validating model...
2019-10-19 00:09:45.8283 [DEBUG] Model updated
2019-10-19 00:09:45.8287 [DEBUG] Authenticating with server...
2019-10-19 00:09:46.0320 [DEBUG] Connected to room. (106462:SceneFusion:SceneFusion)
2019-10-19 00:09:46.0541 [INFO] Connected to server.
2019-10-19 00:09:46.0545 [DEBUG] OS : Unix 18.7.0.0
2019-10-19 00:09:46.0545 [DEBUG] Unity Version : 2018.4.11f1
2019-10-19 00:09:46.0547 [DEBUG] Pro License : False
2019-10-19 00:09:46.0548 [DEBUG] Platform : OSXEditor
2019-10-19 00:09:46.0549 [DEBUG] Build Target : StandaloneOSX
2019-10-19 00:09:46.0550 [DEBUG] Scene Fusion version : 1.8.5
2019-10-19 00:09:46.0550 [DEBUG] Scene Fusion client build : 0
2019-10-19 00:09:46.0551 [DEBUG] User : adjuricic@me.com
2019-10-19 00:09:46.0552 [DEBUG] Waiting for server response
2019-10-19 00:09:46.1269 [DEBUG] Tier: Free, Permissions: 00000200
2019-10-19 00:09:46.1270 [DEBUG] User Permissions: FFFFFFFF
2019-10-19 00:09:46.5979 [DEBUG] No stand-in for UnityEngine.LocalizationAsset
2019-10-19 00:09:46.5981 [DEBUG] No stand-in for UnityEngine.ProceduralMaterial
2019-10-19 00:09:46.5982 [DEBUG] No stand-in for UnityEngine.ProceduralTexture
2019-10-19 00:09:46.5982 [DEBUG] No stand-in for UnityEngine.TerrainLayer
2019-10-19 00:09:46.5983 [DEBUG] No stand-in for UnityEngine.Experimental.VFX.VisualEffectAsset
2019-10-19 00:09:47.1281 [DEBUG] Loading complete
2019-10-19 00:10:04.6563 [DEBUG] Disconnecting from room (106462:SceneFusion:SceneFusion)
2019-10-19 00:11:22.4062 [INFO] Disconnected from server.
2019-10-19 00:11:22.4069 [DEBUG] Disconnect. (Duration: 18)
