2019-10-19 00:12:01.5247 [DEBUG] Validating model...
2019-10-19 00:12:01.6033 [DEBUG] Model updated
2019-10-19 00:12:01.6034 [DEBUG] Authenticating with server...
2019-10-19 00:12:01.7825 [DEBUG] Connected to room. (106463:SceneFusion:SceneFusion)
2019-10-19 00:12:01.7875 [INFO] Connected to server.
2019-10-19 00:12:01.7876 [DEBUG] OS : Unix 18.7.0.0
2019-10-19 00:12:01.7877 [DEBUG] Unity Version : 2018.4.11f1
2019-10-19 00:12:01.7877 [DEBUG] Pro License : False
2019-10-19 00:12:01.7878 [DEBUG] Platform : OSXEditor
2019-10-19 00:12:01.7879 [DEBUG] Build Target : StandaloneOSX
2019-10-19 00:12:01.7879 [DEBUG] Scene Fusion version : 1.8.5
2019-10-19 00:12:01.7880 [DEBUG] Scene Fusion client build : 0
2019-10-19 00:12:01.7881 [DEBUG] User : adjuricic@me.com
2019-10-19 00:12:01.7881 [DEBUG] Waiting for server response
2019-10-19 00:12:01.8337 [DEBUG] Tier: Free, Permissions: 00000200
2019-10-19 00:12:01.8338 [DEBUG] User Permissions: FFFFFFFF
2019-10-19 00:12:01.8350 [DEBUG] No stand-in for UnityEngine.LocalizationAsset
2019-10-19 00:12:01.8351 [DEBUG] No stand-in for UnityEngine.ProceduralMaterial
2019-10-19 00:12:01.8352 [DEBUG] No stand-in for UnityEngine.ProceduralTexture
2019-10-19 00:12:01.8353 [DEBUG] No stand-in for UnityEngine.TerrainLayer
2019-10-19 00:12:01.8354 [DEBUG] No stand-in for UnityEngine.Experimental.VFX.VisualEffectAsset
2019-10-19 00:12:02.0478 [DEBUG] Loading complete
2019-10-19 00:12:05.5101 [DEBUG] Disconnecting from room (106463:SceneFusion:SceneFusion)
2019-10-19 00:12:07.1234 [INFO] Disconnected from server.
2019-10-19 00:12:07.1236 [DEBUG] Disconnect. (Duration: 3)
